2023-09-10T09:01:33.253702+09:00 found context: (JAVA), env context: NIL
2023-09-10T09:01:37.030598+09:00 begin spring-property-loader args: /Users/seito/git/GitHub/tutorials/lightrun/users-service/src/main/java/com/baeldung/usersservice/adapters/http/UsersController.java

2023-09-10T09:01:37.048798+09:00 end spring-property-loader. time: 0.01809 seconds

2023-09-10T09:01:37.053175+09:00 begin jvm-dependency-loader args: {"fqcn":"java.util.UUID","from":"/Users/seito/git/GitHub/tutorials/lightrun/api-service/src/main/java/com/baeldung/apiservice/RequestIdGenerator.java"}

2023-09-10T09:01:38.847213+09:00 end jvm-dependency-loader. time: 1.79398 seconds

2023-09-10T09:01:38.861700+09:00 begin jvm-dependency-loader args: {"fqcn":"org.springframework.boot.web.client.RestTemplateBuilder","from":"/Users/seito/git/GitHub/tutorials/lightrun/api-service/src/main/java/com/baeldung/apiservice/RestTemplateConfig.java"}

2023-09-10T09:01:38.880605+09:00 end jvm-dependency-loader. time: 0.01884 seconds

2023-09-10T09:01:38.880871+09:00 begin jvm-dependency-loader args: {"fqcn":"","from":"/Users/seito/git/GitHub/tutorials/lightrun/api-service/src/main/java/com/baeldung/apiservice/RestTemplateConfig.java"}

2023-09-10T09:01:38.891423+09:00 end jvm-dependency-loader. time: 0.01051 seconds

2023-09-10T09:01:38.906352+09:00 begin jvm-dependency-loader args: {"fqcn":"com.baeldung.apiservice.adapters.users.UserRepository","from":"/Users/seito/git/GitHub/tutorials/lightrun/api-service/src/main/java/com/baeldung/apiservice/adapters/http/TasksController.java"}

2023-09-10T09:01:38.906837+09:00 end jvm-dependency-loader. time: 0.00044 seconds

2023-09-10T09:01:38.910808+09:00 begin jvm-dependency-loader args: {"fqcn":"com.baeldung.apiservice.adapters.users.UserRepository","from":"/Users/seito/git/GitHub/tutorials/lightrun/api-service/src/main/java/com/baeldung/apiservice/adapters/http/TasksController.java"}

2023-09-10T09:01:38.911047+09:00 end jvm-dependency-loader. time: 0.00021 seconds

2023-09-10T09:01:38.917715+09:00 begin jvm-dependency-loader args: {"fqcn":"com.baeldung.apiservice.adapters.users.UserRepository","from":"/Users/seito/git/GitHub/tutorials/lightrun/api-service/src/main/java/com/baeldung/apiservice/adapters/http/TasksController.java"}

2023-09-10T09:01:38.918153+09:00 end jvm-dependency-loader. time: 0.00039 seconds

2023-09-10T09:01:38.918247+09:00 begin jvm-dependency-loader args: {"fqcn":"com.baeldung.apiservice.adapters.users.UserRepository","from":"/Users/seito/git/GitHub/tutorials/lightrun/api-service/src/main/java/com/baeldung/apiservice/adapters/http/TasksController.java"}

2023-09-10T09:01:38.918454+09:00 end jvm-dependency-loader. time: 0.00019 seconds

2023-09-10T09:01:38.918962+09:00 begin jvm-dependency-loader args: {"fqcn":"org.springframework.web.util.UriComponentsBuilder","from":"/Users/seito/git/GitHub/tutorials/lightrun/api-service/src/main/java/com/baeldung/apiservice/adapters/tasks/TaskRepository.java"}

2023-09-10T09:01:38.923720+09:00 end jvm-dependency-loader. time: 0.00474 seconds

2023-09-10T09:01:38.923913+09:00 begin jvm-dependency-loader args: {"fqcn":"org.springframework.web.util.UriComponentsBuilder","from":"/Users/seito/git/GitHub/tutorials/lightrun/api-service/src/main/java/com/baeldung/apiservice/adapters/tasks/TaskRepository.java"}

2023-09-10T09:01:38.925320+09:00 end jvm-dependency-loader. time: 0.00138 seconds

2023-09-10T09:01:38.925496+09:00 begin jvm-dependency-loader args: {"fqcn":"org.springframework.web.util.UriComponentsBuilder","from":"/Users/seito/git/GitHub/tutorials/lightrun/api-service/src/main/java/com/baeldung/apiservice/adapters/tasks/TaskRepository.java"}

2023-09-10T09:01:38.926554+09:00 end jvm-dependency-loader. time: 0.00104 seconds

2023-09-10T09:01:38.926779+09:00 begin jvm-dependency-loader args: {"fqcn":"org.springframework.web.util.UriComponentsBuilder","from":"/Users/seito/git/GitHub/tutorials/lightrun/api-service/src/main/java/com/baeldung/apiservice/adapters/tasks/TaskRepository.java"}

2023-09-10T09:01:38.927913+09:00 end jvm-dependency-loader. time: 0.00111 seconds

2023-09-10T09:01:38.928102+09:00 begin jvm-dependency-loader args: {"fqcn":"org.springframework.web.util.UriComponentsBuilder","from":"/Users/seito/git/GitHub/tutorials/lightrun/api-service/src/main/java/com/baeldung/apiservice/adapters/tasks/TaskRepository.java"}

2023-09-10T09:01:38.929122+09:00 end jvm-dependency-loader. time: 0.00100 seconds

2023-09-10T09:01:38.929352+09:00 begin jvm-dependency-loader args: {"fqcn":"org.springframework.web.util.UriComponentsBuilder","from":"/Users/seito/git/GitHub/tutorials/lightrun/api-service/src/main/java/com/baeldung/apiservice/adapters/tasks/TaskRepository.java"}

2023-09-10T09:01:38.930161+09:00 end jvm-dependency-loader. time: 0.00079 seconds

2023-09-10T09:01:38.930324+09:00 begin jvm-dependency-loader args: {"fqcn":"org.springframework.web.util.UriComponentsBuilder","from":"/Users/seito/git/GitHub/tutorials/lightrun/api-service/src/main/java/com/baeldung/apiservice/adapters/tasks/TaskRepository.java"}

2023-09-10T09:01:38.931034+09:00 end jvm-dependency-loader. time: 0.00069 seconds

2023-09-10T09:01:38.931203+09:00 begin jvm-dependency-loader args: {"fqcn":"org.springframework.web.util.UriComponentsBuilder","from":"/Users/seito/git/GitHub/tutorials/lightrun/api-service/src/main/java/com/baeldung/apiservice/adapters/tasks/TaskRepository.java"}

2023-09-10T09:01:38.932087+09:00 end jvm-dependency-loader. time: 0.00086 seconds

2023-09-10T09:01:38.932256+09:00 begin jvm-dependency-loader args: {"fqcn":"org.springframework.web.util.UriComponents","from":"/Users/seito/git/GitHub/tutorials/lightrun/api-service/src/main/java/com/baeldung/apiservice/adapters/tasks/TaskRepository.java"}

2023-09-10T09:01:38.933695+09:00 end jvm-dependency-loader. time: 0.00142 seconds

2023-09-10T09:01:38.933847+09:00 begin jvm-dependency-loader args: {"fqcn":"org.springframework.web.util.UriComponentsBuilder","from":"/Users/seito/git/GitHub/tutorials/lightrun/api-service/src/main/java/com/baeldung/apiservice/adapters/tasks/TaskRepository.java"}

2023-09-10T09:01:38.934518+09:00 end jvm-dependency-loader. time: 0.00065 seconds

2023-09-10T09:01:38.934691+09:00 begin jvm-dependency-loader args: {"fqcn":"org.springframework.web.util.UriComponentsBuilder","from":"/Users/seito/git/GitHub/tutorials/lightrun/api-service/src/main/java/com/baeldung/apiservice/adapters/tasks/TaskRepository.java"}

2023-09-10T09:01:38.935262+09:00 end jvm-dependency-loader. time: 0.00055 seconds

2023-09-10T09:01:38.935421+09:00 begin jvm-dependency-loader args: {"fqcn":"org.springframework.web.util.UriComponentsBuilder","from":"/Users/seito/git/GitHub/tutorials/lightrun/api-service/src/main/java/com/baeldung/apiservice/adapters/tasks/TaskRepository.java"}

2023-09-10T09:01:38.935985+09:00 end jvm-dependency-loader. time: 0.00055 seconds

2023-09-10T09:01:38.936166+09:00 begin jvm-dependency-loader args: {"fqcn":"org.springframework.web.util.UriComponentsBuilder","from":"/Users/seito/git/GitHub/tutorials/lightrun/api-service/src/main/java/com/baeldung/apiservice/adapters/tasks/TaskRepository.java"}

2023-09-10T09:01:38.936740+09:00 end jvm-dependency-loader. time: 0.00056 seconds

2023-09-10T09:01:38.936888+09:00 begin jvm-dependency-loader args: {"fqcn":"org.springframework.web.util.UriComponentsBuilder","from":"/Users/seito/git/GitHub/tutorials/lightrun/api-service/src/main/java/com/baeldung/apiservice/adapters/tasks/TaskRepository.java"}

2023-09-10T09:01:38.937702+09:00 end jvm-dependency-loader. time: 0.00080 seconds

2023-09-10T09:01:38.937870+09:00 begin jvm-dependency-loader args: {"fqcn":"org.springframework.web.util.UriComponentsBuilder","from":"/Users/seito/git/GitHub/tutorials/lightrun/api-service/src/main/java/com/baeldung/apiservice/adapters/tasks/TaskRepository.java"}

2023-09-10T09:01:38.938306+09:00 end jvm-dependency-loader. time: 0.00042 seconds

2023-09-10T09:01:38.938508+09:00 begin spring-property-loader args: /Users/seito/git/GitHub/tutorials/lightrun/api-service/src/main/java/com/baeldung/apiservice/adapters/tasks/TaskRepository.java

2023-09-10T09:01:38.940501+09:00 end spring-property-loader. time: 0.00197 seconds

2023-09-10T09:01:38.940612+09:00 begin jvm-dependency-loader args: {"fqcn":"org.springframework.web.util.UriComponentsBuilder","from":"/Users/seito/git/GitHub/tutorials/lightrun/api-service/src/main/java/com/baeldung/apiservice/adapters/tasks/TaskRepository.java"}

2023-09-10T09:01:38.941110+09:00 end jvm-dependency-loader. time: 0.00048 seconds

2023-09-10T09:01:38.941594+09:00 begin jvm-dependency-loader args: {"fqcn":"org.springframework.web.util.UriComponentsBuilder","from":"/Users/seito/git/GitHub/tutorials/lightrun/api-service/src/main/java/com/baeldung/apiservice/adapters/users/UserRepository.java"}

2023-09-10T09:01:38.942039+09:00 end jvm-dependency-loader. time: 0.00042 seconds

2023-09-10T09:01:38.942192+09:00 begin jvm-dependency-loader args: {"fqcn":"org.springframework.web.util.UriComponentsBuilder","from":"/Users/seito/git/GitHub/tutorials/lightrun/api-service/src/main/java/com/baeldung/apiservice/adapters/users/UserRepository.java"}

2023-09-10T09:01:38.942699+09:00 end jvm-dependency-loader. time: 0.00049 seconds

2023-09-10T09:01:38.942881+09:00 begin jvm-dependency-loader args: {"fqcn":"org.springframework.web.util.UriComponentsBuilder","from":"/Users/seito/git/GitHub/tutorials/lightrun/api-service/src/main/java/com/baeldung/apiservice/adapters/users/UserRepository.java"}

2023-09-10T09:01:38.943558+09:00 end jvm-dependency-loader. time: 0.00066 seconds

2023-09-10T09:01:38.943743+09:00 begin jvm-dependency-loader args: {"fqcn":"org.springframework.web.util.UriComponentsBuilder","from":"/Users/seito/git/GitHub/tutorials/lightrun/api-service/src/main/java/com/baeldung/apiservice/adapters/users/UserRepository.java"}

2023-09-10T09:01:38.944174+09:00 end jvm-dependency-loader. time: 0.00041 seconds

2023-09-10T09:01:38.944325+09:00 begin jvm-dependency-loader args: {"fqcn":"org.springframework.web.util.UriComponentsBuilder","from":"/Users/seito/git/GitHub/tutorials/lightrun/api-service/src/main/java/com/baeldung/apiservice/adapters/users/UserRepository.java"}

2023-09-10T09:01:38.944767+09:00 end jvm-dependency-loader. time: 0.00043 seconds

2023-09-10T09:01:38.944960+09:00 begin jvm-dependency-loader args: {"fqcn":"org.springframework.web.util.UriComponentsBuilder","from":"/Users/seito/git/GitHub/tutorials/lightrun/api-service/src/main/java/com/baeldung/apiservice/adapters/users/UserRepository.java"}

2023-09-10T09:01:38.945375+09:00 end jvm-dependency-loader. time: 0.00040 seconds

2023-09-10T09:01:38.945525+09:00 begin jvm-dependency-loader args: {"fqcn":"org.springframework.web.util.UriComponentsBuilder","from":"/Users/seito/git/GitHub/tutorials/lightrun/api-service/src/main/java/com/baeldung/apiservice/adapters/users/UserRepository.java"}

2023-09-10T09:01:38.945961+09:00 end jvm-dependency-loader. time: 0.00042 seconds

2023-09-10T09:01:38.946120+09:00 begin jvm-dependency-loader args: {"fqcn":"org.springframework.web.util.UriComponentsBuilder","from":"/Users/seito/git/GitHub/tutorials/lightrun/api-service/src/main/java/com/baeldung/apiservice/adapters/users/UserRepository.java"}

2023-09-10T09:01:38.946821+09:00 end jvm-dependency-loader. time: 0.00068 seconds

2023-09-10T09:01:38.946965+09:00 begin jvm-dependency-loader args: {"fqcn":"org.springframework.web.util.UriComponents","from":"/Users/seito/git/GitHub/tutorials/lightrun/api-service/src/main/java/com/baeldung/apiservice/adapters/users/UserRepository.java"}

2023-09-10T09:01:38.947222+09:00 end jvm-dependency-loader. time: 0.00024 seconds

2023-09-10T09:01:38.947338+09:00 begin jvm-dependency-loader args: {"fqcn":"org.springframework.web.util.UriComponentsBuilder","from":"/Users/seito/git/GitHub/tutorials/lightrun/api-service/src/main/java/com/baeldung/apiservice/adapters/users/UserRepository.java"}

2023-09-10T09:01:38.947756+09:00 end jvm-dependency-loader. time: 0.00040 seconds

2023-09-10T09:01:38.947906+09:00 begin jvm-dependency-loader args: {"fqcn":"org.springframework.web.util.UriComponentsBuilder","from":"/Users/seito/git/GitHub/tutorials/lightrun/api-service/src/main/java/com/baeldung/apiservice/adapters/users/UserRepository.java"}

2023-09-10T09:01:38.948306+09:00 end jvm-dependency-loader. time: 0.00037 seconds

2023-09-10T09:01:38.948444+09:00 begin jvm-dependency-loader args: {"fqcn":"org.springframework.web.util.UriComponentsBuilder","from":"/Users/seito/git/GitHub/tutorials/lightrun/api-service/src/main/java/com/baeldung/apiservice/adapters/users/UserRepository.java"}

2023-09-10T09:01:38.948841+09:00 end jvm-dependency-loader. time: 0.00038 seconds

2023-09-10T09:01:38.949011+09:00 begin jvm-dependency-loader args: {"fqcn":"org.springframework.web.util.UriComponentsBuilder","from":"/Users/seito/git/GitHub/tutorials/lightrun/api-service/src/main/java/com/baeldung/apiservice/adapters/users/UserRepository.java"}

2023-09-10T09:01:38.949626+09:00 end jvm-dependency-loader. time: 0.00060 seconds

2023-09-10T09:01:38.949781+09:00 begin jvm-dependency-loader args: {"fqcn":"org.springframework.web.util.UriComponentsBuilder","from":"/Users/seito/git/GitHub/tutorials/lightrun/api-service/src/main/java/com/baeldung/apiservice/adapters/users/UserRepository.java"}

2023-09-10T09:01:38.950215+09:00 end jvm-dependency-loader. time: 0.00042 seconds

2023-09-10T09:01:38.950390+09:00 begin jvm-dependency-loader args: {"fqcn":"org.springframework.web.util.UriComponentsBuilder","from":"/Users/seito/git/GitHub/tutorials/lightrun/api-service/src/main/java/com/baeldung/apiservice/adapters/users/UserRepository.java"}

2023-09-10T09:01:38.950784+09:00 end jvm-dependency-loader. time: 0.00038 seconds

2023-09-10T09:01:38.950973+09:00 begin spring-property-loader args: /Users/seito/git/GitHub/tutorials/lightrun/api-service/src/main/java/com/baeldung/apiservice/adapters/users/UserRepository.java

2023-09-10T09:01:38.952313+09:00 end spring-property-loader. time: 0.00132 seconds

2023-09-10T09:01:38.952409+09:00 begin jvm-dependency-loader args: {"fqcn":"org.springframework.web.util.UriComponentsBuilder","from":"/Users/seito/git/GitHub/tutorials/lightrun/api-service/src/main/java/com/baeldung/apiservice/adapters/users/UserRepository.java"}

2023-09-10T09:01:38.952861+09:00 end jvm-dependency-loader. time: 0.00043 seconds

2023-09-10T09:01:38.978855+09:00 begin jvm-dependency-loader args: {"fqcn":"com.baeldung.tasksservice.service.TasksService","from":"/Users/seito/git/GitHub/tutorials/lightrun/tasks-service/src/main/java/com/baeldung/tasksservice/adapters/http/TasksController.java"}

2023-09-10T09:01:38.979486+09:00 end jvm-dependency-loader. time: 0.00054 seconds

2023-09-10T09:01:38.979624+09:00 begin jvm-dependency-loader args: {"fqcn":"com.baeldung.tasksservice.service.TasksService","from":"/Users/seito/git/GitHub/tutorials/lightrun/tasks-service/src/main/java/com/baeldung/tasksservice/adapters/http/TasksController.java"}

2023-09-10T09:01:38.980145+09:00 end jvm-dependency-loader. time: 0.00050 seconds

2023-09-10T09:01:38.980244+09:00 begin jvm-dependency-loader args: {"fqcn":"","from":"/Users/seito/git/GitHub/tutorials/lightrun/tasks-service/src/main/java/com/baeldung/tasksservice/adapters/http/TasksController.java"}

2023-09-10T09:01:38.980453+09:00 end jvm-dependency-loader. time: 0.00018 seconds

2023-09-10T09:01:38.980503+09:00 begin jvm-dependency-loader args: {"fqcn":"NIL","from":"/Users/seito/git/GitHub/tutorials/lightrun/tasks-service/src/main/java/com/baeldung/tasksservice/adapters/http/TasksController.java"}

2023-09-10T09:01:38.980686+09:00 end jvm-dependency-loader. time: 0.00017 seconds

2023-09-10T09:01:38.984837+09:00 begin jvm-dependency-loader args: {"fqcn":"com.baeldung.tasksservice.service.TasksService","from":"/Users/seito/git/GitHub/tutorials/lightrun/tasks-service/src/main/java/com/baeldung/tasksservice/adapters/http/TasksController.java"}

2023-09-10T09:01:38.985096+09:00 end jvm-dependency-loader. time: 0.00023 seconds

2023-09-10T09:01:39.000520+09:00 begin jvm-dependency-loader args: {"fqcn":"com.baeldung.tasksservice.service.TasksService","from":"/Users/seito/git/GitHub/tutorials/lightrun/tasks-service/src/main/java/com/baeldung/tasksservice/adapters/http/TasksController.java"}

2023-09-10T09:01:39.000960+09:00 end jvm-dependency-loader. time: 0.00039 seconds

2023-09-10T09:01:39.016498+09:00 begin jvm-dependency-loader args: {"fqcn":"com.baeldung.tasksservice.service.TasksService","from":"/Users/seito/git/GitHub/tutorials/lightrun/tasks-service/src/main/java/com/baeldung/tasksservice/adapters/http/TasksController.java"}

2023-09-10T09:01:39.017513+09:00 end jvm-dependency-loader. time: 0.00097 seconds

2023-09-10T09:01:39.017596+09:00 begin jvm-dependency-loader args: {"fqcn":"","from":"/Users/seito/git/GitHub/tutorials/lightrun/tasks-service/src/main/java/com/baeldung/tasksservice/adapters/http/TasksController.java"}

2023-09-10T09:01:39.017782+09:00 end jvm-dependency-loader. time: 0.00017 seconds

2023-09-10T09:01:39.017874+09:00 begin jvm-dependency-loader args: {"fqcn":"com.baeldung.tasksservice.service.TasksService","from":"/Users/seito/git/GitHub/tutorials/lightrun/tasks-service/src/main/java/com/baeldung/tasksservice/adapters/http/TasksController.java"}

2023-09-10T09:01:39.018037+09:00 end jvm-dependency-loader. time: 0.00014 seconds

2023-09-10T09:01:39.018801+09:00 begin jvm-dependency-loader args: {"fqcn":"com.baeldung.tasksservice.adapters.repository.TasksRepository","from":"/Users/seito/git/GitHub/tutorials/lightrun/tasks-service/src/main/java/com/baeldung/tasksservice/service/DeletedUserService.java"}

2023-09-10T09:01:39.018995+09:00 end jvm-dependency-loader. time: 0.00018 seconds

2023-09-10T09:01:39.019420+09:00 begin jvm-dependency-loader args: {"fqcn":"com.baeldung.tasksservice.adapters.repository.TasksRepository","from":"/Users/seito/git/GitHub/tutorials/lightrun/tasks-service/src/main/java/com/baeldung/tasksservice/service/TasksService.java"}

2023-09-10T09:01:39.019605+09:00 end jvm-dependency-loader. time: 0.00017 seconds

2023-09-10T09:01:39.019680+09:00 begin jvm-dependency-loader args: {"fqcn":"com.baeldung.tasksservice.adapters.repository.TasksRepository","from":"/Users/seito/git/GitHub/tutorials/lightrun/tasks-service/src/main/java/com/baeldung/tasksservice/service/TasksService.java"}

2023-09-10T09:01:39.020218+09:00 end jvm-dependency-loader. time: 0.00052 seconds

2023-09-10T09:01:39.020316+09:00 begin jvm-dependency-loader args: {"fqcn":"com.baeldung.tasksservice.adapters.repository.TasksRepository","from":"/Users/seito/git/GitHub/tutorials/lightrun/tasks-service/src/main/java/com/baeldung/tasksservice/service/TasksService.java"}

2023-09-10T09:01:39.020468+09:00 end jvm-dependency-loader. time: 0.00013 seconds

2023-09-10T09:01:39.020534+09:00 begin jvm-dependency-loader args: {"fqcn":"NIL","from":"/Users/seito/git/GitHub/tutorials/lightrun/tasks-service/src/main/java/com/baeldung/tasksservice/service/TasksService.java"}

2023-09-10T09:01:39.020703+09:00 end jvm-dependency-loader. time: 0.00015 seconds

2023-09-10T09:01:39.020771+09:00 begin jvm-dependency-loader args: {"fqcn":"com.baeldung.tasksservice.adapters.repository.TasksRepository","from":"/Users/seito/git/GitHub/tutorials/lightrun/tasks-service/src/main/java/com/baeldung/tasksservice/service/TasksService.java"}

2023-09-10T09:01:39.020937+09:00 end jvm-dependency-loader. time: 0.00015 seconds

2023-09-10T09:01:39.021034+09:00 begin jvm-dependency-loader args: {"fqcn":"java.util.UUID","from":"/Users/seito/git/GitHub/tutorials/lightrun/tasks-service/src/main/java/com/baeldung/tasksservice/service/TasksService.java"}

2023-09-10T09:01:39.021225+09:00 end jvm-dependency-loader. time: 0.00018 seconds

2023-09-10T09:01:39.033708+09:00 begin jvm-dependency-loader args: {"fqcn":"java.util.UUID","from":"/Users/seito/git/GitHub/tutorials/lightrun/tasks-service/src/main/java/com/baeldung/tasksservice/service/TasksService.java"}

2023-09-10T09:01:39.034668+09:00 end jvm-dependency-loader. time: 0.00090 seconds

2023-09-10T09:01:39.051137+09:00 begin jvm-dependency-loader args: {"fqcn":"com.baeldung.usersservice.service.UsersService","from":"/Users/seito/git/GitHub/tutorials/lightrun/users-service/src/main/java/com/baeldung/usersservice/adapters/http/UsersController.java"}

2023-09-10T09:01:39.051586+09:00 end jvm-dependency-loader. time: 0.00040 seconds

2023-09-10T09:01:39.059136+09:00 begin jvm-dependency-loader args: {"fqcn":"com.baeldung.usersservice.service.UsersService","from":"/Users/seito/git/GitHub/tutorials/lightrun/users-service/src/main/java/com/baeldung/usersservice/adapters/http/UsersController.java"}

2023-09-10T09:01:39.059445+09:00 end jvm-dependency-loader. time: 0.00026 seconds

2023-09-10T09:01:39.067534+09:00 begin jvm-dependency-loader args: {"fqcn":"com.baeldung.usersservice.service.UsersService","from":"/Users/seito/git/GitHub/tutorials/lightrun/users-service/src/main/java/com/baeldung/usersservice/adapters/http/UsersController.java"}

2023-09-10T09:01:39.067915+09:00 end jvm-dependency-loader. time: 0.00034 seconds

2023-09-10T09:01:39.076464+09:00 begin jvm-dependency-loader args: {"fqcn":"com.baeldung.usersservice.adapters.repository.UsersRepository","from":"/Users/seito/git/GitHub/tutorials/lightrun/users-service/src/main/java/com/baeldung/usersservice/service/UsersService.java"}

2023-09-10T09:01:39.076801+09:00 end jvm-dependency-loader. time: 0.00030 seconds

2023-09-10T09:01:39.076910+09:00 begin jvm-dependency-loader args: {"fqcn":"com.baeldung.usersservice.adapters.repository.UsersRepository","from":"/Users/seito/git/GitHub/tutorials/lightrun/users-service/src/main/java/com/baeldung/usersservice/service/UsersService.java"}

2023-09-10T09:01:39.077451+09:00 end jvm-dependency-loader. time: 0.00052 seconds

2023-09-10T09:01:39.077549+09:00 begin jvm-dependency-loader args: {"fqcn":"com.baeldung.usersservice.adapters.repository.UsersRepository","from":"/Users/seito/git/GitHub/tutorials/lightrun/users-service/src/main/java/com/baeldung/usersservice/service/UsersService.java"}

2023-09-10T09:01:39.077732+09:00 end jvm-dependency-loader. time: 0.00016 seconds

2023-09-10T09:01:39.077786+09:00 begin jvm-dependency-loader args: {"fqcn":"NIL","from":"/Users/seito/git/GitHub/tutorials/lightrun/users-service/src/main/java/com/baeldung/usersservice/service/UsersService.java"}

2023-09-10T09:01:39.077940+09:00 end jvm-dependency-loader. time: 0.00013 seconds

2023-09-10T09:01:39.078029+09:00 begin jvm-dependency-loader args: {"fqcn":"com.baeldung.usersservice.adapters.repository.UsersRepository","from":"/Users/seito/git/GitHub/tutorials/lightrun/users-service/src/main/java/com/baeldung/usersservice/service/UsersService.java"}

2023-09-10T09:01:39.078207+09:00 end jvm-dependency-loader. time: 0.00016 seconds

2023-09-10T09:01:39.078319+09:00 begin jvm-dependency-loader args: {"fqcn":"java.util.UUID","from":"/Users/seito/git/GitHub/tutorials/lightrun/users-service/src/main/java/com/baeldung/usersservice/service/UsersService.java"}

2023-09-10T09:01:39.078549+09:00 end jvm-dependency-loader. time: 0.00021 seconds

2023-09-10T09:01:39.082598+09:00 begin jvm-dependency-loader args: {"fqcn":"java.util.UUID","from":"/Users/seito/git/GitHub/tutorials/lightrun/users-service/src/main/java/com/baeldung/usersservice/service/UsersService.java"}

2023-09-10T09:01:39.083425+09:00 end jvm-dependency-loader. time: 0.00080 seconds

2023-09-10T09:01:39.084868+09:00 begin jvm-dependency-loader args: {"fqcn":"java.util.UUID","from":"/Users/seito/git/GitHub/tutorials/lightrun/api-service/src/main/java/com/baeldung/apiservice/RequestIdGenerator.java"}

2023-09-10T09:01:39.085094+09:00 end jvm-dependency-loader. time: 0.00020 seconds

2023-09-10T09:01:39.102784+09:00 begin jvm-dependency-loader args: {"fqcn":"org.springframework.boot.web.client.RestTemplateBuilder","from":"/Users/seito/git/GitHub/tutorials/lightrun/api-service/src/main/java/com/baeldung/apiservice/RestTemplateConfig.java"}

2023-09-10T09:01:39.103410+09:00 end jvm-dependency-loader. time: 0.00054 seconds

2023-09-10T09:01:39.103573+09:00 begin jvm-dependency-loader args: {"fqcn":"","from":"/Users/seito/git/GitHub/tutorials/lightrun/api-service/src/main/java/com/baeldung/apiservice/RestTemplateConfig.java"}

2023-09-10T09:01:39.103808+09:00 end jvm-dependency-loader. time: 0.00022 seconds

2023-09-10T09:01:39.118344+09:00 begin jvm-dependency-loader args: {"fqcn":"com.baeldung.apiservice.adapters.users.UserRepository","from":"/Users/seito/git/GitHub/tutorials/lightrun/api-service/src/main/java/com/baeldung/apiservice/adapters/http/TasksController.java"}

2023-09-10T09:01:39.118687+09:00 end jvm-dependency-loader. time: 0.00029 seconds

2023-09-10T09:01:39.122598+09:00 begin jvm-dependency-loader args: {"fqcn":"com.baeldung.apiservice.adapters.users.UserRepository","from":"/Users/seito/git/GitHub/tutorials/lightrun/api-service/src/main/java/com/baeldung/apiservice/adapters/http/TasksController.java"}

2023-09-10T09:01:39.123736+09:00 end jvm-dependency-loader. time: 0.00111 seconds

2023-09-10T09:01:39.130374+09:00 begin jvm-dependency-loader args: {"fqcn":"com.baeldung.apiservice.adapters.users.UserRepository","from":"/Users/seito/git/GitHub/tutorials/lightrun/api-service/src/main/java/com/baeldung/apiservice/adapters/http/TasksController.java"}

2023-09-10T09:01:39.130689+09:00 end jvm-dependency-loader. time: 0.00028 seconds

2023-09-10T09:01:39.130787+09:00 begin jvm-dependency-loader args: {"fqcn":"com.baeldung.apiservice.adapters.users.UserRepository","from":"/Users/seito/git/GitHub/tutorials/lightrun/api-service/src/main/java/com/baeldung/apiservice/adapters/http/TasksController.java"}

2023-09-10T09:01:39.130971+09:00 end jvm-dependency-loader. time: 0.00017 seconds

2023-09-10T09:01:39.131423+09:00 begin jvm-dependency-loader args: {"fqcn":"org.springframework.web.util.UriComponentsBuilder","from":"/Users/seito/git/GitHub/tutorials/lightrun/api-service/src/main/java/com/baeldung/apiservice/adapters/tasks/TaskRepository.java"}

2023-09-10T09:01:39.131842+09:00 end jvm-dependency-loader. time: 0.00040 seconds

2023-09-10T09:01:39.131997+09:00 begin jvm-dependency-loader args: {"fqcn":"org.springframework.web.util.UriComponentsBuilder","from":"/Users/seito/git/GitHub/tutorials/lightrun/api-service/src/main/java/com/baeldung/apiservice/adapters/tasks/TaskRepository.java"}

2023-09-10T09:01:39.132370+09:00 end jvm-dependency-loader. time: 0.00036 seconds

2023-09-10T09:01:39.132523+09:00 begin jvm-dependency-loader args: {"fqcn":"org.springframework.web.util.UriComponentsBuilder","from":"/Users/seito/git/GitHub/tutorials/lightrun/api-service/src/main/java/com/baeldung/apiservice/adapters/tasks/TaskRepository.java"}

2023-09-10T09:01:39.133006+09:00 end jvm-dependency-loader. time: 0.00047 seconds

2023-09-10T09:01:39.133181+09:00 begin jvm-dependency-loader args: {"fqcn":"org.springframework.web.util.UriComponentsBuilder","from":"/Users/seito/git/GitHub/tutorials/lightrun/api-service/src/main/java/com/baeldung/apiservice/adapters/tasks/TaskRepository.java"}

2023-09-10T09:01:39.133648+09:00 end jvm-dependency-loader. time: 0.00045 seconds

2023-09-10T09:01:39.133819+09:00 begin jvm-dependency-loader args: {"fqcn":"org.springframework.web.util.UriComponentsBuilder","from":"/Users/seito/git/GitHub/tutorials/lightrun/api-service/src/main/java/com/baeldung/apiservice/adapters/tasks/TaskRepository.java"}

2023-09-10T09:01:39.134182+09:00 end jvm-dependency-loader. time: 0.00035 seconds

2023-09-10T09:01:39.134379+09:00 begin jvm-dependency-loader args: {"fqcn":"org.springframework.web.util.UriComponentsBuilder","from":"/Users/seito/git/GitHub/tutorials/lightrun/api-service/src/main/java/com/baeldung/apiservice/adapters/tasks/TaskRepository.java"}

2023-09-10T09:01:39.134730+09:00 end jvm-dependency-loader. time: 0.00033 seconds

2023-09-10T09:01:39.134890+09:00 begin jvm-dependency-loader args: {"fqcn":"org.springframework.web.util.UriComponentsBuilder","from":"/Users/seito/git/GitHub/tutorials/lightrun/api-service/src/main/java/com/baeldung/apiservice/adapters/tasks/TaskRepository.java"}

2023-09-10T09:01:39.135262+09:00 end jvm-dependency-loader. time: 0.00035 seconds

2023-09-10T09:01:39.135404+09:00 begin jvm-dependency-loader args: {"fqcn":"org.springframework.web.util.UriComponentsBuilder","from":"/Users/seito/git/GitHub/tutorials/lightrun/api-service/src/main/java/com/baeldung/apiservice/adapters/tasks/TaskRepository.java"}

2023-09-10T09:01:39.136002+09:00 end jvm-dependency-loader. time: 0.00058 seconds

2023-09-10T09:01:39.136145+09:00 begin jvm-dependency-loader args: {"fqcn":"org.springframework.web.util.UriComponents","from":"/Users/seito/git/GitHub/tutorials/lightrun/api-service/src/main/java/com/baeldung/apiservice/adapters/tasks/TaskRepository.java"}

2023-09-10T09:01:39.136386+09:00 end jvm-dependency-loader. time: 0.00021 seconds

2023-09-10T09:01:39.136499+09:00 begin jvm-dependency-loader args: {"fqcn":"org.springframework.web.util.UriComponentsBuilder","from":"/Users/seito/git/GitHub/tutorials/lightrun/api-service/src/main/java/com/baeldung/apiservice/adapters/tasks/TaskRepository.java"}

2023-09-10T09:01:39.136852+09:00 end jvm-dependency-loader. time: 0.00034 seconds

2023-09-10T09:01:39.137314+09:00 begin jvm-dependency-loader args: {"fqcn":"org.springframework.web.util.UriComponentsBuilder","from":"/Users/seito/git/GitHub/tutorials/lightrun/api-service/src/main/java/com/baeldung/apiservice/adapters/users/UserRepository.java"}

2023-09-10T09:01:39.137675+09:00 end jvm-dependency-loader. time: 0.00034 seconds

2023-09-10T09:01:39.137826+09:00 begin jvm-dependency-loader args: {"fqcn":"org.springframework.web.util.UriComponentsBuilder","from":"/Users/seito/git/GitHub/tutorials/lightrun/api-service/src/main/java/com/baeldung/apiservice/adapters/users/UserRepository.java"}

2023-09-10T09:01:39.138199+09:00 end jvm-dependency-loader. time: 0.00036 seconds

2023-09-10T09:01:39.138350+09:00 begin jvm-dependency-loader args: {"fqcn":"org.springframework.web.util.UriComponentsBuilder","from":"/Users/seito/git/GitHub/tutorials/lightrun/api-service/src/main/java/com/baeldung/apiservice/adapters/users/UserRepository.java"}

2023-09-10T09:01:39.138927+09:00 end jvm-dependency-loader. time: 0.00056 seconds

2023-09-10T09:01:39.139112+09:00 begin jvm-dependency-loader args: {"fqcn":"org.springframework.web.util.UriComponentsBuilder","from":"/Users/seito/git/GitHub/tutorials/lightrun/api-service/src/main/java/com/baeldung/apiservice/adapters/users/UserRepository.java"}

2023-09-10T09:01:39.139441+09:00 end jvm-dependency-loader. time: 0.00031 seconds

2023-09-10T09:01:39.139587+09:00 begin jvm-dependency-loader args: {"fqcn":"org.springframework.web.util.UriComponentsBuilder","from":"/Users/seito/git/GitHub/tutorials/lightrun/api-service/src/main/java/com/baeldung/apiservice/adapters/users/UserRepository.java"}

2023-09-10T09:01:39.139922+09:00 end jvm-dependency-loader. time: 0.00032 seconds

2023-09-10T09:01:39.140142+09:00 begin jvm-dependency-loader args: {"fqcn":"org.springframework.web.util.UriComponentsBuilder","from":"/Users/seito/git/GitHub/tutorials/lightrun/api-service/src/main/java/com/baeldung/apiservice/adapters/users/UserRepository.java"}

2023-09-10T09:01:39.140468+09:00 end jvm-dependency-loader. time: 0.00031 seconds

2023-09-10T09:01:39.140607+09:00 begin jvm-dependency-loader args: {"fqcn":"org.springframework.web.util.UriComponentsBuilder","from":"/Users/seito/git/GitHub/tutorials/lightrun/api-service/src/main/java/com/baeldung/apiservice/adapters/users/UserRepository.java"}

2023-09-10T09:01:39.140947+09:00 end jvm-dependency-loader. time: 0.00033 seconds

2023-09-10T09:01:39.141085+09:00 begin jvm-dependency-loader args: {"fqcn":"org.springframework.web.util.UriComponentsBuilder","from":"/Users/seito/git/GitHub/tutorials/lightrun/api-service/src/main/java/com/baeldung/apiservice/adapters/users/UserRepository.java"}

2023-09-10T09:01:39.141612+09:00 end jvm-dependency-loader. time: 0.00051 seconds

2023-09-10T09:01:39.141750+09:00 begin jvm-dependency-loader args: {"fqcn":"org.springframework.web.util.UriComponents","from":"/Users/seito/git/GitHub/tutorials/lightrun/api-service/src/main/java/com/baeldung/apiservice/adapters/users/UserRepository.java"}

2023-09-10T09:01:39.141925+09:00 end jvm-dependency-loader. time: 0.00016 seconds

2023-09-10T09:01:39.142031+09:00 begin jvm-dependency-loader args: {"fqcn":"org.springframework.web.util.UriComponentsBuilder","from":"/Users/seito/git/GitHub/tutorials/lightrun/api-service/src/main/java/com/baeldung/apiservice/adapters/users/UserRepository.java"}

2023-09-10T09:01:39.142348+09:00 end jvm-dependency-loader. time: 0.00030 seconds

2023-09-10T09:01:39.162953+09:00 begin jvm-dependency-loader args: {"fqcn":"com.baeldung.tasksservice.service.TasksService","from":"/Users/seito/git/GitHub/tutorials/lightrun/tasks-service/src/main/java/com/baeldung/tasksservice/adapters/http/TasksController.java"}

2023-09-10T09:01:39.163390+09:00 end jvm-dependency-loader. time: 0.00038 seconds

2023-09-10T09:01:39.163522+09:00 begin jvm-dependency-loader args: {"fqcn":"com.baeldung.tasksservice.service.TasksService","from":"/Users/seito/git/GitHub/tutorials/lightrun/tasks-service/src/main/java/com/baeldung/tasksservice/adapters/http/TasksController.java"}

2023-09-10T09:01:39.163679+09:00 end jvm-dependency-loader. time: 0.00014 seconds

2023-09-10T09:01:39.163741+09:00 begin jvm-dependency-loader args: {"fqcn":"","from":"/Users/seito/git/GitHub/tutorials/lightrun/tasks-service/src/main/java/com/baeldung/tasksservice/adapters/http/TasksController.java"}

2023-09-10T09:01:39.164105+09:00 end jvm-dependency-loader. time: 0.00035 seconds

2023-09-10T09:01:39.164160+09:00 begin jvm-dependency-loader args: {"fqcn":"NIL","from":"/Users/seito/git/GitHub/tutorials/lightrun/tasks-service/src/main/java/com/baeldung/tasksservice/adapters/http/TasksController.java"}

2023-09-10T09:01:39.164305+09:00 end jvm-dependency-loader. time: 0.00013 seconds

2023-09-10T09:01:39.173697+09:00 begin jvm-dependency-loader args: {"fqcn":"com.baeldung.tasksservice.service.TasksService","from":"/Users/seito/git/GitHub/tutorials/lightrun/tasks-service/src/main/java/com/baeldung/tasksservice/adapters/http/TasksController.java"}

2023-09-10T09:01:39.174010+09:00 end jvm-dependency-loader. time: 0.00025 seconds

2023-09-10T09:01:39.190018+09:00 begin jvm-dependency-loader args: {"fqcn":"com.baeldung.tasksservice.service.TasksService","from":"/Users/seito/git/GitHub/tutorials/lightrun/tasks-service/src/main/java/com/baeldung/tasksservice/adapters/http/TasksController.java"}

2023-09-10T09:01:39.190432+09:00 end jvm-dependency-loader. time: 0.00036 seconds

2023-09-10T09:01:39.206534+09:00 begin jvm-dependency-loader args: {"fqcn":"com.baeldung.tasksservice.service.TasksService","from":"/Users/seito/git/GitHub/tutorials/lightrun/tasks-service/src/main/java/com/baeldung/tasksservice/adapters/http/TasksController.java"}

2023-09-10T09:01:39.206949+09:00 end jvm-dependency-loader. time: 0.00036 seconds

2023-09-10T09:01:39.207015+09:00 begin jvm-dependency-loader args: {"fqcn":"","from":"/Users/seito/git/GitHub/tutorials/lightrun/tasks-service/src/main/java/com/baeldung/tasksservice/adapters/http/TasksController.java"}

2023-09-10T09:01:39.207914+09:00 end jvm-dependency-loader. time: 0.00087 seconds

2023-09-10T09:01:39.208026+09:00 begin jvm-dependency-loader args: {"fqcn":"com.baeldung.tasksservice.service.TasksService","from":"/Users/seito/git/GitHub/tutorials/lightrun/tasks-service/src/main/java/com/baeldung/tasksservice/adapters/http/TasksController.java"}

2023-09-10T09:01:39.208212+09:00 end jvm-dependency-loader. time: 0.00016 seconds

2023-09-10T09:01:39.209067+09:00 begin jvm-dependency-loader args: {"fqcn":"com.baeldung.tasksservice.adapters.repository.TasksRepository","from":"/Users/seito/git/GitHub/tutorials/lightrun/tasks-service/src/main/java/com/baeldung/tasksservice/service/DeletedUserService.java"}

2023-09-10T09:01:39.209241+09:00 end jvm-dependency-loader. time: 0.00016 seconds

2023-09-10T09:01:39.209711+09:00 begin jvm-dependency-loader args: {"fqcn":"com.baeldung.tasksservice.adapters.repository.TasksRepository","from":"/Users/seito/git/GitHub/tutorials/lightrun/tasks-service/src/main/java/com/baeldung/tasksservice/service/TasksService.java"}

2023-09-10T09:01:39.209848+09:00 end jvm-dependency-loader. time: 0.00012 seconds

2023-09-10T09:01:39.209927+09:00 begin jvm-dependency-loader args: {"fqcn":"com.baeldung.tasksservice.adapters.repository.TasksRepository","from":"/Users/seito/git/GitHub/tutorials/lightrun/tasks-service/src/main/java/com/baeldung/tasksservice/service/TasksService.java"}

2023-09-10T09:01:39.210055+09:00 end jvm-dependency-loader. time: 0.00011 seconds

2023-09-10T09:01:39.210156+09:00 begin jvm-dependency-loader args: {"fqcn":"com.baeldung.tasksservice.adapters.repository.TasksRepository","from":"/Users/seito/git/GitHub/tutorials/lightrun/tasks-service/src/main/java/com/baeldung/tasksservice/service/TasksService.java"}

2023-09-10T09:01:39.210473+09:00 end jvm-dependency-loader. time: 0.00030 seconds

2023-09-10T09:01:39.210529+09:00 begin jvm-dependency-loader args: {"fqcn":"NIL","from":"/Users/seito/git/GitHub/tutorials/lightrun/tasks-service/src/main/java/com/baeldung/tasksservice/service/TasksService.java"}

2023-09-10T09:01:39.210660+09:00 end jvm-dependency-loader. time: 0.00012 seconds

2023-09-10T09:01:39.210728+09:00 begin jvm-dependency-loader args: {"fqcn":"com.baeldung.tasksservice.adapters.repository.TasksRepository","from":"/Users/seito/git/GitHub/tutorials/lightrun/tasks-service/src/main/java/com/baeldung/tasksservice/service/TasksService.java"}

2023-09-10T09:01:39.210863+09:00 end jvm-dependency-loader. time: 0.00012 seconds

2023-09-10T09:01:39.210974+09:00 begin jvm-dependency-loader args: {"fqcn":"java.util.UUID","from":"/Users/seito/git/GitHub/tutorials/lightrun/tasks-service/src/main/java/com/baeldung/tasksservice/service/TasksService.java"}

2023-09-10T09:01:39.211182+09:00 end jvm-dependency-loader. time: 0.00019 seconds

2023-09-10T09:01:39.219059+09:00 begin jvm-dependency-loader args: {"fqcn":"java.util.UUID","from":"/Users/seito/git/GitHub/tutorials/lightrun/tasks-service/src/main/java/com/baeldung/tasksservice/service/TasksService.java"}

2023-09-10T09:01:39.219439+09:00 end jvm-dependency-loader. time: 0.00035 seconds

2023-09-10T09:01:39.240548+09:00 begin jvm-dependency-loader args: {"fqcn":"com.baeldung.usersservice.service.UsersService","from":"/Users/seito/git/GitHub/tutorials/lightrun/users-service/src/main/java/com/baeldung/usersservice/adapters/http/UsersController.java"}

2023-09-10T09:01:39.241771+09:00 end jvm-dependency-loader. time: 0.00116 seconds

2023-09-10T09:01:39.249622+09:00 begin jvm-dependency-loader args: {"fqcn":"com.baeldung.usersservice.service.UsersService","from":"/Users/seito/git/GitHub/tutorials/lightrun/users-service/src/main/java/com/baeldung/usersservice/adapters/http/UsersController.java"}

2023-09-10T09:01:39.250013+09:00 end jvm-dependency-loader. time: 0.00035 seconds

2023-09-10T09:01:39.257750+09:00 begin jvm-dependency-loader args: {"fqcn":"com.baeldung.usersservice.service.UsersService","from":"/Users/seito/git/GitHub/tutorials/lightrun/users-service/src/main/java/com/baeldung/usersservice/adapters/http/UsersController.java"}

2023-09-10T09:01:39.258014+09:00 end jvm-dependency-loader. time: 0.00023 seconds

2023-09-10T09:01:39.266249+09:00 begin jvm-dependency-loader args: {"fqcn":"com.baeldung.usersservice.adapters.repository.UsersRepository","from":"/Users/seito/git/GitHub/tutorials/lightrun/users-service/src/main/java/com/baeldung/usersservice/service/UsersService.java"}

2023-09-10T09:01:39.266544+09:00 end jvm-dependency-loader. time: 0.00025 seconds

2023-09-10T09:01:39.266627+09:00 begin jvm-dependency-loader args: {"fqcn":"com.baeldung.usersservice.adapters.repository.UsersRepository","from":"/Users/seito/git/GitHub/tutorials/lightrun/users-service/src/main/java/com/baeldung/usersservice/service/UsersService.java"}

2023-09-10T09:01:39.266778+09:00 end jvm-dependency-loader. time: 0.00013 seconds

2023-09-10T09:01:39.266875+09:00 begin jvm-dependency-loader args: {"fqcn":"com.baeldung.usersservice.adapters.repository.UsersRepository","from":"/Users/seito/git/GitHub/tutorials/lightrun/users-service/src/main/java/com/baeldung/usersservice/service/UsersService.java"}

2023-09-10T09:01:39.267280+09:00 end jvm-dependency-loader. time: 0.00039 seconds

2023-09-10T09:01:39.267342+09:00 begin jvm-dependency-loader args: {"fqcn":"NIL","from":"/Users/seito/git/GitHub/tutorials/lightrun/users-service/src/main/java/com/baeldung/usersservice/service/UsersService.java"}

2023-09-10T09:01:39.267515+09:00 end jvm-dependency-loader. time: 0.00015 seconds

2023-09-10T09:01:39.267608+09:00 begin jvm-dependency-loader args: {"fqcn":"com.baeldung.usersservice.adapters.repository.UsersRepository","from":"/Users/seito/git/GitHub/tutorials/lightrun/users-service/src/main/java/com/baeldung/usersservice/service/UsersService.java"}

2023-09-10T09:01:39.267755+09:00 end jvm-dependency-loader. time: 0.00013 seconds

2023-09-10T09:01:39.267848+09:00 begin jvm-dependency-loader args: {"fqcn":"java.util.UUID","from":"/Users/seito/git/GitHub/tutorials/lightrun/users-service/src/main/java/com/baeldung/usersservice/service/UsersService.java"}

2023-09-10T09:01:39.268045+09:00 end jvm-dependency-loader. time: 0.00018 seconds

2023-09-10T09:01:39.272212+09:00 begin jvm-dependency-loader args: {"fqcn":"java.util.UUID","from":"/Users/seito/git/GitHub/tutorials/lightrun/users-service/src/main/java/com/baeldung/usersservice/service/UsersService.java"}

2023-09-10T09:01:39.272480+09:00 end jvm-dependency-loader. time: 0.00024 seconds

2023-09-10T09:01:39.273209+09:00 begin spring-property-loader args: /Users/seito/git/GitHub/tutorials/lightrun/api-service/src/main/java/com/baeldung/apiservice/adapters/http/TasksController.java

2023-09-10T09:01:39.274738+09:00 end spring-property-loader. time: 0.00150 seconds

2023-09-10T09:01:39.275779+09:00 begin jvm-dependency-loader args: {"fqcn":"java.util.UUID","from":"/Users/seito/git/GitHub/tutorials/lightrun/api-service/src/main/java/com/baeldung/apiservice/RequestIdGenerator.java"}

2023-09-10T09:01:39.276733+09:00 end jvm-dependency-loader. time: 0.00093 seconds

2023-09-10T09:01:39.288846+09:00 begin jvm-dependency-loader args: {"fqcn":"org.springframework.boot.web.client.RestTemplateBuilder","from":"/Users/seito/git/GitHub/tutorials/lightrun/api-service/src/main/java/com/baeldung/apiservice/RestTemplateConfig.java"}

2023-09-10T09:01:39.289348+09:00 end jvm-dependency-loader. time: 0.00045 seconds

2023-09-10T09:01:39.289510+09:00 begin jvm-dependency-loader args: {"fqcn":"","from":"/Users/seito/git/GitHub/tutorials/lightrun/api-service/src/main/java/com/baeldung/apiservice/RestTemplateConfig.java"}

2023-09-10T09:01:39.289727+09:00 end jvm-dependency-loader. time: 0.00020 seconds

2023-09-10T09:01:39.304516+09:00 begin jvm-dependency-loader args: {"fqcn":"com.baeldung.apiservice.adapters.users.UserRepository","from":"/Users/seito/git/GitHub/tutorials/lightrun/api-service/src/main/java/com/baeldung/apiservice/adapters/http/TasksController.java"}

2023-09-10T09:01:39.304899+09:00 end jvm-dependency-loader. time: 0.00033 seconds

2023-09-10T09:01:39.314511+09:00 begin jvm-dependency-loader args: {"fqcn":"com.baeldung.apiservice.adapters.users.UserRepository","from":"/Users/seito/git/GitHub/tutorials/lightrun/api-service/src/main/java/com/baeldung/apiservice/adapters/http/TasksController.java"}

2023-09-10T09:01:39.314944+09:00 end jvm-dependency-loader. time: 0.00035 seconds

2023-09-10T09:01:39.321893+09:00 begin jvm-dependency-loader args: {"fqcn":"com.baeldung.apiservice.adapters.users.UserRepository","from":"/Users/seito/git/GitHub/tutorials/lightrun/api-service/src/main/java/com/baeldung/apiservice/adapters/http/TasksController.java"}

2023-09-10T09:01:39.322768+09:00 end jvm-dependency-loader. time: 0.00084 seconds

2023-09-10T09:01:39.322875+09:00 begin jvm-dependency-loader args: {"fqcn":"com.baeldung.apiservice.adapters.users.UserRepository","from":"/Users/seito/git/GitHub/tutorials/lightrun/api-service/src/main/java/com/baeldung/apiservice/adapters/http/TasksController.java"}

2023-09-10T09:01:39.323026+09:00 end jvm-dependency-loader. time: 0.00013 seconds

2023-09-10T09:01:39.323468+09:00 begin jvm-dependency-loader args: {"fqcn":"org.springframework.web.util.UriComponentsBuilder","from":"/Users/seito/git/GitHub/tutorials/lightrun/api-service/src/main/java/com/baeldung/apiservice/adapters/tasks/TaskRepository.java"}

2023-09-10T09:01:39.323992+09:00 end jvm-dependency-loader. time: 0.00051 seconds

2023-09-10T09:01:39.324143+09:00 begin jvm-dependency-loader args: {"fqcn":"org.springframework.web.util.UriComponentsBuilder","from":"/Users/seito/git/GitHub/tutorials/lightrun/api-service/src/main/java/com/baeldung/apiservice/adapters/tasks/TaskRepository.java"}

2023-09-10T09:01:39.324497+09:00 end jvm-dependency-loader. time: 0.00033 seconds

2023-09-10T09:01:39.324662+09:00 begin jvm-dependency-loader args: {"fqcn":"org.springframework.web.util.UriComponentsBuilder","from":"/Users/seito/git/GitHub/tutorials/lightrun/api-service/src/main/java/com/baeldung/apiservice/adapters/tasks/TaskRepository.java"}

2023-09-10T09:01:39.325008+09:00 end jvm-dependency-loader. time: 0.00033 seconds

2023-09-10T09:01:39.325174+09:00 begin jvm-dependency-loader args: {"fqcn":"org.springframework.web.util.UriComponentsBuilder","from":"/Users/seito/git/GitHub/tutorials/lightrun/api-service/src/main/java/com/baeldung/apiservice/adapters/tasks/TaskRepository.java"}

2023-09-10T09:01:39.325679+09:00 end jvm-dependency-loader. time: 0.00049 seconds

2023-09-10T09:01:39.325840+09:00 begin jvm-dependency-loader args: {"fqcn":"org.springframework.web.util.UriComponentsBuilder","from":"/Users/seito/git/GitHub/tutorials/lightrun/api-service/src/main/java/com/baeldung/apiservice/adapters/tasks/TaskRepository.java"}

2023-09-10T09:01:39.326166+09:00 end jvm-dependency-loader. time: 0.00031 seconds

2023-09-10T09:01:39.326354+09:00 begin jvm-dependency-loader args: {"fqcn":"org.springframework.web.util.UriComponentsBuilder","from":"/Users/seito/git/GitHub/tutorials/lightrun/api-service/src/main/java/com/baeldung/apiservice/adapters/tasks/TaskRepository.java"}

2023-09-10T09:01:39.326684+09:00 end jvm-dependency-loader. time: 0.00031 seconds

2023-09-10T09:01:39.326826+09:00 begin jvm-dependency-loader args: {"fqcn":"org.springframework.web.util.UriComponentsBuilder","from":"/Users/seito/git/GitHub/tutorials/lightrun/api-service/src/main/java/com/baeldung/apiservice/adapters/tasks/TaskRepository.java"}

2023-09-10T09:01:39.327141+09:00 end jvm-dependency-loader. time: 0.00030 seconds

2023-09-10T09:01:39.327277+09:00 begin jvm-dependency-loader args: {"fqcn":"org.springframework.web.util.UriComponentsBuilder","from":"/Users/seito/git/GitHub/tutorials/lightrun/api-service/src/main/java/com/baeldung/apiservice/adapters/tasks/TaskRepository.java"}

2023-09-10T09:01:39.327611+09:00 end jvm-dependency-loader. time: 0.00032 seconds

2023-09-10T09:01:39.327751+09:00 begin jvm-dependency-loader args: {"fqcn":"org.springframework.web.util.UriComponents","from":"/Users/seito/git/GitHub/tutorials/lightrun/api-service/src/main/java/com/baeldung/apiservice/adapters/tasks/TaskRepository.java"}

2023-09-10T09:01:39.328106+09:00 end jvm-dependency-loader. time: 0.00034 seconds

2023-09-10T09:01:39.328218+09:00 begin jvm-dependency-loader args: {"fqcn":"org.springframework.web.util.UriComponentsBuilder","from":"/Users/seito/git/GitHub/tutorials/lightrun/api-service/src/main/java/com/baeldung/apiservice/adapters/tasks/TaskRepository.java"}

2023-09-10T09:01:39.328628+09:00 end jvm-dependency-loader. time: 0.00039 seconds

2023-09-10T09:01:39.329062+09:00 begin jvm-dependency-loader args: {"fqcn":"org.springframework.web.util.UriComponentsBuilder","from":"/Users/seito/git/GitHub/tutorials/lightrun/api-service/src/main/java/com/baeldung/apiservice/adapters/users/UserRepository.java"}

2023-09-10T09:01:39.329435+09:00 end jvm-dependency-loader. time: 0.00035 seconds

2023-09-10T09:01:39.329583+09:00 begin jvm-dependency-loader args: {"fqcn":"org.springframework.web.util.UriComponentsBuilder","from":"/Users/seito/git/GitHub/tutorials/lightrun/api-service/src/main/java/com/baeldung/apiservice/adapters/users/UserRepository.java"}

2023-09-10T09:01:39.329901+09:00 end jvm-dependency-loader. time: 0.00030 seconds

2023-09-10T09:01:39.330038+09:00 begin jvm-dependency-loader args: {"fqcn":"org.springframework.web.util.UriComponentsBuilder","from":"/Users/seito/git/GitHub/tutorials/lightrun/api-service/src/main/java/com/baeldung/apiservice/adapters/users/UserRepository.java"}

2023-09-10T09:01:39.330377+09:00 end jvm-dependency-loader. time: 0.00032 seconds

2023-09-10T09:01:39.330541+09:00 begin jvm-dependency-loader args: {"fqcn":"org.springframework.web.util.UriComponentsBuilder","from":"/Users/seito/git/GitHub/tutorials/lightrun/api-service/src/main/java/com/baeldung/apiservice/adapters/users/UserRepository.java"}

2023-09-10T09:01:39.331044+09:00 end jvm-dependency-loader. time: 0.00047 seconds

2023-09-10T09:01:39.331188+09:00 begin jvm-dependency-loader args: {"fqcn":"org.springframework.web.util.UriComponentsBuilder","from":"/Users/seito/git/GitHub/tutorials/lightrun/api-service/src/main/java/com/baeldung/apiservice/adapters/users/UserRepository.java"}

2023-09-10T09:01:39.331506+09:00 end jvm-dependency-loader. time: 0.00030 seconds

2023-09-10T09:01:39.331687+09:00 begin jvm-dependency-loader args: {"fqcn":"org.springframework.web.util.UriComponentsBuilder","from":"/Users/seito/git/GitHub/tutorials/lightrun/api-service/src/main/java/com/baeldung/apiservice/adapters/users/UserRepository.java"}

2023-09-10T09:01:39.332003+09:00 end jvm-dependency-loader. time: 0.00030 seconds

2023-09-10T09:01:39.332143+09:00 begin jvm-dependency-loader args: {"fqcn":"org.springframework.web.util.UriComponentsBuilder","from":"/Users/seito/git/GitHub/tutorials/lightrun/api-service/src/main/java/com/baeldung/apiservice/adapters/users/UserRepository.java"}

2023-09-10T09:01:39.332462+09:00 end jvm-dependency-loader. time: 0.00030 seconds

2023-09-10T09:01:39.332599+09:00 begin jvm-dependency-loader args: {"fqcn":"org.springframework.web.util.UriComponentsBuilder","from":"/Users/seito/git/GitHub/tutorials/lightrun/api-service/src/main/java/com/baeldung/apiservice/adapters/users/UserRepository.java"}

2023-09-10T09:01:39.332936+09:00 end jvm-dependency-loader. time: 0.00032 seconds

2023-09-10T09:01:39.333073+09:00 begin jvm-dependency-loader args: {"fqcn":"org.springframework.web.util.UriComponents","from":"/Users/seito/git/GitHub/tutorials/lightrun/api-service/src/main/java/com/baeldung/apiservice/adapters/users/UserRepository.java"}

2023-09-10T09:01:39.333403+09:00 end jvm-dependency-loader. time: 0.00031 seconds

2023-09-10T09:01:39.333511+09:00 begin jvm-dependency-loader args: {"fqcn":"org.springframework.web.util.UriComponentsBuilder","from":"/Users/seito/git/GitHub/tutorials/lightrun/api-service/src/main/java/com/baeldung/apiservice/adapters/users/UserRepository.java"}

2023-09-10T09:01:39.333851+09:00 end jvm-dependency-loader. time: 0.00032 seconds

2023-09-10T09:01:39.354473+09:00 begin jvm-dependency-loader args: {"fqcn":"com.baeldung.tasksservice.service.TasksService","from":"/Users/seito/git/GitHub/tutorials/lightrun/tasks-service/src/main/java/com/baeldung/tasksservice/adapters/http/TasksController.java"}

2023-09-10T09:01:39.354883+09:00 end jvm-dependency-loader. time: 0.00036 seconds

2023-09-10T09:01:39.355038+09:00 begin jvm-dependency-loader args: {"fqcn":"com.baeldung.tasksservice.service.TasksService","from":"/Users/seito/git/GitHub/tutorials/lightrun/tasks-service/src/main/java/com/baeldung/tasksservice/adapters/http/TasksController.java"}

2023-09-10T09:01:39.355193+09:00 end jvm-dependency-loader. time: 0.00013 seconds

2023-09-10T09:01:39.355260+09:00 begin jvm-dependency-loader args: {"fqcn":"","from":"/Users/seito/git/GitHub/tutorials/lightrun/tasks-service/src/main/java/com/baeldung/tasksservice/adapters/http/TasksController.java"}

2023-09-10T09:01:39.355403+09:00 end jvm-dependency-loader. time: 0.00013 seconds

2023-09-10T09:01:39.355444+09:00 begin jvm-dependency-loader args: {"fqcn":"NIL","from":"/Users/seito/git/GitHub/tutorials/lightrun/tasks-service/src/main/java/com/baeldung/tasksservice/adapters/http/TasksController.java"}

2023-09-10T09:01:39.356062+09:00 end jvm-dependency-loader. time: 0.00060 seconds

2023-09-10T09:01:39.360358+09:00 begin jvm-dependency-loader args: {"fqcn":"com.baeldung.tasksservice.service.TasksService","from":"/Users/seito/git/GitHub/tutorials/lightrun/tasks-service/src/main/java/com/baeldung/tasksservice/adapters/http/TasksController.java"}

2023-09-10T09:01:39.360610+09:00 end jvm-dependency-loader. time: 0.00021 seconds

2023-09-10T09:01:39.376285+09:00 begin jvm-dependency-loader args: {"fqcn":"com.baeldung.tasksservice.service.TasksService","from":"/Users/seito/git/GitHub/tutorials/lightrun/tasks-service/src/main/java/com/baeldung/tasksservice/adapters/http/TasksController.java"}

2023-09-10T09:01:39.376678+09:00 end jvm-dependency-loader. time: 0.00033 seconds

2023-09-10T09:01:39.397464+09:00 begin jvm-dependency-loader args: {"fqcn":"com.baeldung.tasksservice.service.TasksService","from":"/Users/seito/git/GitHub/tutorials/lightrun/tasks-service/src/main/java/com/baeldung/tasksservice/adapters/http/TasksController.java"}

2023-09-10T09:01:39.397952+09:00 end jvm-dependency-loader. time: 0.00040 seconds

2023-09-10T09:01:39.398049+09:00 begin jvm-dependency-loader args: {"fqcn":"","from":"/Users/seito/git/GitHub/tutorials/lightrun/tasks-service/src/main/java/com/baeldung/tasksservice/adapters/http/TasksController.java"}

2023-09-10T09:01:39.398216+09:00 end jvm-dependency-loader. time: 0.00015 seconds

2023-09-10T09:01:39.398306+09:00 begin jvm-dependency-loader args: {"fqcn":"com.baeldung.tasksservice.service.TasksService","from":"/Users/seito/git/GitHub/tutorials/lightrun/tasks-service/src/main/java/com/baeldung/tasksservice/adapters/http/TasksController.java"}

2023-09-10T09:01:39.398974+09:00 end jvm-dependency-loader. time: 0.00065 seconds

2023-09-10T09:01:39.399739+09:00 begin jvm-dependency-loader args: {"fqcn":"com.baeldung.tasksservice.adapters.repository.TasksRepository","from":"/Users/seito/git/GitHub/tutorials/lightrun/tasks-service/src/main/java/com/baeldung/tasksservice/service/DeletedUserService.java"}

2023-09-10T09:01:39.399881+09:00 end jvm-dependency-loader. time: 0.00012 seconds

2023-09-10T09:01:39.400301+09:00 begin jvm-dependency-loader args: {"fqcn":"com.baeldung.tasksservice.adapters.repository.TasksRepository","from":"/Users/seito/git/GitHub/tutorials/lightrun/tasks-service/src/main/java/com/baeldung/tasksservice/service/TasksService.java"}

2023-09-10T09:01:39.400443+09:00 end jvm-dependency-loader. time: 0.00012 seconds

2023-09-10T09:01:39.400523+09:00 begin jvm-dependency-loader args: {"fqcn":"com.baeldung.tasksservice.adapters.repository.TasksRepository","from":"/Users/seito/git/GitHub/tutorials/lightrun/tasks-service/src/main/java/com/baeldung/tasksservice/service/TasksService.java"}

2023-09-10T09:01:39.400662+09:00 end jvm-dependency-loader. time: 0.00012 seconds

2023-09-10T09:01:39.400757+09:00 begin jvm-dependency-loader args: {"fqcn":"com.baeldung.tasksservice.adapters.repository.TasksRepository","from":"/Users/seito/git/GitHub/tutorials/lightrun/tasks-service/src/main/java/com/baeldung/tasksservice/service/TasksService.java"}

2023-09-10T09:01:39.401871+09:00 end jvm-dependency-loader. time: 0.00110 seconds

2023-09-10T09:01:39.401932+09:00 begin jvm-dependency-loader args: {"fqcn":"NIL","from":"/Users/seito/git/GitHub/tutorials/lightrun/tasks-service/src/main/java/com/baeldung/tasksservice/service/TasksService.java"}

2023-09-10T09:01:39.402045+09:00 end jvm-dependency-loader. time: 0.00010 seconds

2023-09-10T09:01:39.402112+09:00 begin jvm-dependency-loader args: {"fqcn":"com.baeldung.tasksservice.adapters.repository.TasksRepository","from":"/Users/seito/git/GitHub/tutorials/lightrun/tasks-service/src/main/java/com/baeldung/tasksservice/service/TasksService.java"}

2023-09-10T09:01:39.402222+09:00 end jvm-dependency-loader. time: 0.00009 seconds

2023-09-10T09:01:39.402321+09:00 begin jvm-dependency-loader args: {"fqcn":"java.util.UUID","from":"/Users/seito/git/GitHub/tutorials/lightrun/tasks-service/src/main/java/com/baeldung/tasksservice/service/TasksService.java"}

2023-09-10T09:01:39.402535+09:00 end jvm-dependency-loader. time: 0.00020 seconds

2023-09-10T09:01:39.410474+09:00 begin jvm-dependency-loader args: {"fqcn":"java.util.UUID","from":"/Users/seito/git/GitHub/tutorials/lightrun/tasks-service/src/main/java/com/baeldung/tasksservice/service/TasksService.java"}

2023-09-10T09:01:39.410778+09:00 end jvm-dependency-loader. time: 0.00026 seconds

2023-09-10T09:01:39.427566+09:00 begin jvm-dependency-loader args: {"fqcn":"com.baeldung.usersservice.service.UsersService","from":"/Users/seito/git/GitHub/tutorials/lightrun/users-service/src/main/java/com/baeldung/usersservice/adapters/http/UsersController.java"}

2023-09-10T09:01:39.428661+09:00 end jvm-dependency-loader. time: 0.00103 seconds

2023-09-10T09:01:39.436542+09:00 begin jvm-dependency-loader args: {"fqcn":"com.baeldung.usersservice.service.UsersService","from":"/Users/seito/git/GitHub/tutorials/lightrun/users-service/src/main/java/com/baeldung/usersservice/adapters/http/UsersController.java"}

2023-09-10T09:01:39.436759+09:00 end jvm-dependency-loader. time: 0.00018 seconds

2023-09-10T09:01:39.444723+09:00 begin jvm-dependency-loader args: {"fqcn":"com.baeldung.usersservice.service.UsersService","from":"/Users/seito/git/GitHub/tutorials/lightrun/users-service/src/main/java/com/baeldung/usersservice/adapters/http/UsersController.java"}

2023-09-10T09:01:39.445019+09:00 end jvm-dependency-loader. time: 0.00025 seconds

2023-09-10T09:01:39.458610+09:00 begin jvm-dependency-loader args: {"fqcn":"com.baeldung.usersservice.adapters.repository.UsersRepository","from":"/Users/seito/git/GitHub/tutorials/lightrun/users-service/src/main/java/com/baeldung/usersservice/service/UsersService.java"}

2023-09-10T09:01:39.459046+09:00 end jvm-dependency-loader. time: 0.00034 seconds

2023-09-10T09:01:39.459156+09:00 begin jvm-dependency-loader args: {"fqcn":"com.baeldung.usersservice.adapters.repository.UsersRepository","from":"/Users/seito/git/GitHub/tutorials/lightrun/users-service/src/main/java/com/baeldung/usersservice/service/UsersService.java"}

2023-09-10T09:01:39.459307+09:00 end jvm-dependency-loader. time: 0.00013 seconds

2023-09-10T09:01:39.459413+09:00 begin jvm-dependency-loader args: {"fqcn":"com.baeldung.usersservice.adapters.repository.UsersRepository","from":"/Users/seito/git/GitHub/tutorials/lightrun/users-service/src/main/java/com/baeldung/usersservice/service/UsersService.java"}

2023-09-10T09:01:39.459631+09:00 end jvm-dependency-loader. time: 0.00020 seconds

2023-09-10T09:01:39.459696+09:00 begin jvm-dependency-loader args: {"fqcn":"NIL","from":"/Users/seito/git/GitHub/tutorials/lightrun/users-service/src/main/java/com/baeldung/usersservice/service/UsersService.java"}

2023-09-10T09:01:39.459833+09:00 end jvm-dependency-loader. time: 0.00012 seconds

2023-09-10T09:01:39.459922+09:00 begin jvm-dependency-loader args: {"fqcn":"com.baeldung.usersservice.adapters.repository.UsersRepository","from":"/Users/seito/git/GitHub/tutorials/lightrun/users-service/src/main/java/com/baeldung/usersservice/service/UsersService.java"}

2023-09-10T09:01:39.460041+09:00 end jvm-dependency-loader. time: 0.00010 seconds

2023-09-10T09:01:39.460182+09:00 begin jvm-dependency-loader args: {"fqcn":"java.util.UUID","from":"/Users/seito/git/GitHub/tutorials/lightrun/users-service/src/main/java/com/baeldung/usersservice/service/UsersService.java"}

2023-09-10T09:01:39.460362+09:00 end jvm-dependency-loader. time: 0.00016 seconds

2023-09-10T09:01:39.464503+09:00 begin jvm-dependency-loader args: {"fqcn":"java.util.UUID","from":"/Users/seito/git/GitHub/tutorials/lightrun/users-service/src/main/java/com/baeldung/usersservice/service/UsersService.java"}

2023-09-10T09:01:39.464742+09:00 end jvm-dependency-loader. time: 0.00020 seconds

2023-09-10T09:01:39.465505+09:00 begin spring-property-loader args: /Users/seito/git/GitHub/tutorials/lightrun/api-service/src/main/java/com/baeldung/apiservice/adapters/http/TasksController.java

2023-09-10T09:01:39.465751+09:00 end spring-property-loader. time: 0.00023 seconds

2023-09-10T09:01:39.466656+09:00 begin jvm-dependency-loader args: {"fqcn":"java.util.UUID","from":"/Users/seito/git/GitHub/tutorials/lightrun/api-service/src/main/java/com/baeldung/apiservice/RequestIdGenerator.java"}

2023-09-10T09:01:39.467799+09:00 end jvm-dependency-loader. time: 0.00112 seconds

2023-09-10T09:01:39.479736+09:00 begin jvm-dependency-loader args: {"fqcn":"org.springframework.boot.web.client.RestTemplateBuilder","from":"/Users/seito/git/GitHub/tutorials/lightrun/api-service/src/main/java/com/baeldung/apiservice/RestTemplateConfig.java"}

2023-09-10T09:01:39.480246+09:00 end jvm-dependency-loader. time: 0.00045 seconds

2023-09-10T09:01:39.480396+09:00 begin jvm-dependency-loader args: {"fqcn":"","from":"/Users/seito/git/GitHub/tutorials/lightrun/api-service/src/main/java/com/baeldung/apiservice/RestTemplateConfig.java"}

2023-09-10T09:01:39.480565+09:00 end jvm-dependency-loader. time: 0.00015 seconds

2023-09-10T09:01:39.494427+09:00 begin jvm-dependency-loader args: {"fqcn":"com.baeldung.apiservice.adapters.users.UserRepository","from":"/Users/seito/git/GitHub/tutorials/lightrun/api-service/src/main/java/com/baeldung/apiservice/adapters/http/TasksController.java"}

2023-09-10T09:01:39.494694+09:00 end jvm-dependency-loader. time: 0.00023 seconds

2023-09-10T09:01:39.498524+09:00 begin jvm-dependency-loader args: {"fqcn":"com.baeldung.apiservice.adapters.users.UserRepository","from":"/Users/seito/git/GitHub/tutorials/lightrun/api-service/src/main/java/com/baeldung/apiservice/adapters/http/TasksController.java"}

2023-09-10T09:01:39.498663+09:00 end jvm-dependency-loader. time: 0.00012 seconds

2023-09-10T09:01:39.504975+09:00 begin jvm-dependency-loader args: {"fqcn":"com.baeldung.apiservice.adapters.users.UserRepository","from":"/Users/seito/git/GitHub/tutorials/lightrun/api-service/src/main/java/com/baeldung/apiservice/adapters/http/TasksController.java"}

2023-09-10T09:01:39.505920+09:00 end jvm-dependency-loader. time: 0.00092 seconds

2023-09-10T09:01:39.506030+09:00 begin jvm-dependency-loader args: {"fqcn":"com.baeldung.apiservice.adapters.users.UserRepository","from":"/Users/seito/git/GitHub/tutorials/lightrun/api-service/src/main/java/com/baeldung/apiservice/adapters/http/TasksController.java"}

2023-09-10T09:01:39.506233+09:00 end jvm-dependency-loader. time: 0.00018 seconds

2023-09-10T09:01:39.506694+09:00 begin jvm-dependency-loader args: {"fqcn":"org.springframework.web.util.UriComponentsBuilder","from":"/Users/seito/git/GitHub/tutorials/lightrun/api-service/src/main/java/com/baeldung/apiservice/adapters/tasks/TaskRepository.java"}

2023-09-10T09:01:39.507037+09:00 end jvm-dependency-loader. time: 0.00033 seconds

2023-09-10T09:01:39.507185+09:00 begin jvm-dependency-loader args: {"fqcn":"org.springframework.web.util.UriComponentsBuilder","from":"/Users/seito/git/GitHub/tutorials/lightrun/api-service/src/main/java/com/baeldung/apiservice/adapters/tasks/TaskRepository.java"}

2023-09-10T09:01:39.507461+09:00 end jvm-dependency-loader. time: 0.00026 seconds

2023-09-10T09:01:39.507598+09:00 begin jvm-dependency-loader args: {"fqcn":"org.springframework.web.util.UriComponentsBuilder","from":"/Users/seito/git/GitHub/tutorials/lightrun/api-service/src/main/java/com/baeldung/apiservice/adapters/tasks/TaskRepository.java"}

2023-09-10T09:01:39.507883+09:00 end jvm-dependency-loader. time: 0.00027 seconds

2023-09-10T09:01:39.508053+09:00 begin jvm-dependency-loader args: {"fqcn":"org.springframework.web.util.UriComponentsBuilder","from":"/Users/seito/git/GitHub/tutorials/lightrun/api-service/src/main/java/com/baeldung/apiservice/adapters/tasks/TaskRepository.java"}

2023-09-10T09:01:39.508551+09:00 end jvm-dependency-loader. time: 0.00048 seconds

2023-09-10T09:01:39.508764+09:00 begin jvm-dependency-loader args: {"fqcn":"org.springframework.web.util.UriComponentsBuilder","from":"/Users/seito/git/GitHub/tutorials/lightrun/api-service/src/main/java/com/baeldung/apiservice/adapters/tasks/TaskRepository.java"}

2023-09-10T09:01:39.509121+09:00 end jvm-dependency-loader. time: 0.00034 seconds

2023-09-10T09:01:39.509321+09:00 begin jvm-dependency-loader args: {"fqcn":"org.springframework.web.util.UriComponentsBuilder","from":"/Users/seito/git/GitHub/tutorials/lightrun/api-service/src/main/java/com/baeldung/apiservice/adapters/tasks/TaskRepository.java"}

2023-09-10T09:01:39.509630+09:00 end jvm-dependency-loader. time: 0.00029 seconds

2023-09-10T09:01:39.509780+09:00 begin jvm-dependency-loader args: {"fqcn":"org.springframework.web.util.UriComponentsBuilder","from":"/Users/seito/git/GitHub/tutorials/lightrun/api-service/src/main/java/com/baeldung/apiservice/adapters/tasks/TaskRepository.java"}

2023-09-10T09:01:39.510140+09:00 end jvm-dependency-loader. time: 0.00033 seconds

2023-09-10T09:01:39.510294+09:00 begin jvm-dependency-loader args: {"fqcn":"org.springframework.web.util.UriComponentsBuilder","from":"/Users/seito/git/GitHub/tutorials/lightrun/api-service/src/main/java/com/baeldung/apiservice/adapters/tasks/TaskRepository.java"}

2023-09-10T09:01:39.510620+09:00 end jvm-dependency-loader. time: 0.00031 seconds

2023-09-10T09:01:39.510763+09:00 begin jvm-dependency-loader args: {"fqcn":"org.springframework.web.util.UriComponents","from":"/Users/seito/git/GitHub/tutorials/lightrun/api-service/src/main/java/com/baeldung/apiservice/adapters/tasks/TaskRepository.java"}

2023-09-10T09:01:39.511128+09:00 end jvm-dependency-loader. time: 0.00035 seconds

2023-09-10T09:01:39.511239+09:00 begin jvm-dependency-loader args: {"fqcn":"org.springframework.web.util.UriComponentsBuilder","from":"/Users/seito/git/GitHub/tutorials/lightrun/api-service/src/main/java/com/baeldung/apiservice/adapters/tasks/TaskRepository.java"}

2023-09-10T09:01:39.511559+09:00 end jvm-dependency-loader. time: 0.00030 seconds

2023-09-10T09:01:39.512002+09:00 begin jvm-dependency-loader args: {"fqcn":"org.springframework.web.util.UriComponentsBuilder","from":"/Users/seito/git/GitHub/tutorials/lightrun/api-service/src/main/java/com/baeldung/apiservice/adapters/users/UserRepository.java"}

2023-09-10T09:01:39.512368+09:00 end jvm-dependency-loader. time: 0.00035 seconds

2023-09-10T09:01:39.512524+09:00 begin jvm-dependency-loader args: {"fqcn":"org.springframework.web.util.UriComponentsBuilder","from":"/Users/seito/git/GitHub/tutorials/lightrun/api-service/src/main/java/com/baeldung/apiservice/adapters/users/UserRepository.java"}

2023-09-10T09:01:39.512855+09:00 end jvm-dependency-loader. time: 0.00031 seconds

2023-09-10T09:01:39.513007+09:00 begin jvm-dependency-loader args: {"fqcn":"org.springframework.web.util.UriComponentsBuilder","from":"/Users/seito/git/GitHub/tutorials/lightrun/api-service/src/main/java/com/baeldung/apiservice/adapters/users/UserRepository.java"}

2023-09-10T09:01:39.513295+09:00 end jvm-dependency-loader. time: 0.00027 seconds

2023-09-10T09:01:39.513477+09:00 begin jvm-dependency-loader args: {"fqcn":"org.springframework.web.util.UriComponentsBuilder","from":"/Users/seito/git/GitHub/tutorials/lightrun/api-service/src/main/java/com/baeldung/apiservice/adapters/users/UserRepository.java"}

2023-09-10T09:01:39.514008+09:00 end jvm-dependency-loader. time: 0.00051 seconds

2023-09-10T09:01:39.514165+09:00 begin jvm-dependency-loader args: {"fqcn":"org.springframework.web.util.UriComponentsBuilder","from":"/Users/seito/git/GitHub/tutorials/lightrun/api-service/src/main/java/com/baeldung/apiservice/adapters/users/UserRepository.java"}

2023-09-10T09:01:39.514445+09:00 end jvm-dependency-loader. time: 0.00026 seconds

2023-09-10T09:01:39.514632+09:00 begin jvm-dependency-loader args: {"fqcn":"org.springframework.web.util.UriComponentsBuilder","from":"/Users/seito/git/GitHub/tutorials/lightrun/api-service/src/main/java/com/baeldung/apiservice/adapters/users/UserRepository.java"}

2023-09-10T09:01:39.514916+09:00 end jvm-dependency-loader. time: 0.00027 seconds

2023-09-10T09:01:39.515059+09:00 begin jvm-dependency-loader args: {"fqcn":"org.springframework.web.util.UriComponentsBuilder","from":"/Users/seito/git/GitHub/tutorials/lightrun/api-service/src/main/java/com/baeldung/apiservice/adapters/users/UserRepository.java"}

2023-09-10T09:01:39.515335+09:00 end jvm-dependency-loader. time: 0.00026 seconds

2023-09-10T09:01:39.515477+09:00 begin jvm-dependency-loader args: {"fqcn":"org.springframework.web.util.UriComponentsBuilder","from":"/Users/seito/git/GitHub/tutorials/lightrun/api-service/src/main/java/com/baeldung/apiservice/adapters/users/UserRepository.java"}

2023-09-10T09:01:39.515755+09:00 end jvm-dependency-loader. time: 0.00026 seconds

2023-09-10T09:01:39.515891+09:00 begin jvm-dependency-loader args: {"fqcn":"org.springframework.web.util.UriComponents","from":"/Users/seito/git/GitHub/tutorials/lightrun/api-service/src/main/java/com/baeldung/apiservice/adapters/users/UserRepository.java"}

2023-09-10T09:01:39.516275+09:00 end jvm-dependency-loader. time: 0.00036 seconds

2023-09-10T09:01:39.516384+09:00 begin jvm-dependency-loader args: {"fqcn":"org.springframework.web.util.UriComponentsBuilder","from":"/Users/seito/git/GitHub/tutorials/lightrun/api-service/src/main/java/com/baeldung/apiservice/adapters/users/UserRepository.java"}

2023-09-10T09:01:39.516660+09:00 end jvm-dependency-loader. time: 0.00026 seconds

2023-09-10T09:01:39.541868+09:00 begin jvm-dependency-loader args: {"fqcn":"com.baeldung.tasksservice.service.TasksService","from":"/Users/seito/git/GitHub/tutorials/lightrun/tasks-service/src/main/java/com/baeldung/tasksservice/adapters/http/TasksController.java"}

2023-09-10T09:01:39.542282+09:00 end jvm-dependency-loader. time: 0.00035 seconds

2023-09-10T09:01:39.542410+09:00 begin jvm-dependency-loader args: {"fqcn":"com.baeldung.tasksservice.service.TasksService","from":"/Users/seito/git/GitHub/tutorials/lightrun/tasks-service/src/main/java/com/baeldung/tasksservice/adapters/http/TasksController.java"}

2023-09-10T09:01:39.542524+09:00 end jvm-dependency-loader. time: 0.00010 seconds

2023-09-10T09:01:39.542583+09:00 begin jvm-dependency-loader args: {"fqcn":"","from":"/Users/seito/git/GitHub/tutorials/lightrun/tasks-service/src/main/java/com/baeldung/tasksservice/adapters/http/TasksController.java"}

2023-09-10T09:01:39.542689+09:00 end jvm-dependency-loader. time: 0.00009 seconds

2023-09-10T09:01:39.542729+09:00 begin jvm-dependency-loader args: {"fqcn":"NIL","from":"/Users/seito/git/GitHub/tutorials/lightrun/tasks-service/src/main/java/com/baeldung/tasksservice/adapters/http/TasksController.java"}

2023-09-10T09:01:39.543330+09:00 end jvm-dependency-loader. time: 0.00059 seconds

2023-09-10T09:01:39.547350+09:00 begin jvm-dependency-loader args: {"fqcn":"com.baeldung.tasksservice.service.TasksService","from":"/Users/seito/git/GitHub/tutorials/lightrun/tasks-service/src/main/java/com/baeldung/tasksservice/adapters/http/TasksController.java"}

2023-09-10T09:01:39.547535+09:00 end jvm-dependency-loader. time: 0.00016 seconds

2023-09-10T09:01:39.562564+09:00 begin jvm-dependency-loader args: {"fqcn":"com.baeldung.tasksservice.service.TasksService","from":"/Users/seito/git/GitHub/tutorials/lightrun/tasks-service/src/main/java/com/baeldung/tasksservice/adapters/http/TasksController.java"}

2023-09-10T09:01:39.562837+09:00 end jvm-dependency-loader. time: 0.00023 seconds

2023-09-10T09:01:39.577928+09:00 begin jvm-dependency-loader args: {"fqcn":"com.baeldung.tasksservice.service.TasksService","from":"/Users/seito/git/GitHub/tutorials/lightrun/tasks-service/src/main/java/com/baeldung/tasksservice/adapters/http/TasksController.java"}

2023-09-10T09:01:39.578204+09:00 end jvm-dependency-loader. time: 0.00024 seconds

2023-09-10T09:01:39.578267+09:00 begin jvm-dependency-loader args: {"fqcn":"","from":"/Users/seito/git/GitHub/tutorials/lightrun/tasks-service/src/main/java/com/baeldung/tasksservice/adapters/http/TasksController.java"}

2023-09-10T09:01:39.578387+09:00 end jvm-dependency-loader. time: 0.00010 seconds

2023-09-10T09:01:39.578464+09:00 begin jvm-dependency-loader args: {"fqcn":"com.baeldung.tasksservice.service.TasksService","from":"/Users/seito/git/GitHub/tutorials/lightrun/tasks-service/src/main/java/com/baeldung/tasksservice/adapters/http/TasksController.java"}

2023-09-10T09:01:39.578588+09:00 end jvm-dependency-loader. time: 0.00010 seconds

2023-09-10T09:01:39.579390+09:00 begin jvm-dependency-loader args: {"fqcn":"com.baeldung.tasksservice.adapters.repository.TasksRepository","from":"/Users/seito/git/GitHub/tutorials/lightrun/tasks-service/src/main/java/com/baeldung/tasksservice/service/DeletedUserService.java"}

2023-09-10T09:01:39.579532+09:00 end jvm-dependency-loader. time: 0.00012 seconds

2023-09-10T09:01:39.579956+09:00 begin jvm-dependency-loader args: {"fqcn":"com.baeldung.tasksservice.adapters.repository.TasksRepository","from":"/Users/seito/git/GitHub/tutorials/lightrun/tasks-service/src/main/java/com/baeldung/tasksservice/service/TasksService.java"}

2023-09-10T09:01:39.580070+09:00 end jvm-dependency-loader. time: 0.00010 seconds

2023-09-10T09:01:39.580143+09:00 begin jvm-dependency-loader args: {"fqcn":"com.baeldung.tasksservice.adapters.repository.TasksRepository","from":"/Users/seito/git/GitHub/tutorials/lightrun/tasks-service/src/main/java/com/baeldung/tasksservice/service/TasksService.java"}

2023-09-10T09:01:39.580248+09:00 end jvm-dependency-loader. time: 0.00009 seconds

2023-09-10T09:01:39.580339+09:00 begin jvm-dependency-loader args: {"fqcn":"com.baeldung.tasksservice.adapters.repository.TasksRepository","from":"/Users/seito/git/GitHub/tutorials/lightrun/tasks-service/src/main/java/com/baeldung/tasksservice/service/TasksService.java"}

2023-09-10T09:01:39.580458+09:00 end jvm-dependency-loader. time: 0.00010 seconds

2023-09-10T09:01:39.580511+09:00 begin jvm-dependency-loader args: {"fqcn":"NIL","from":"/Users/seito/git/GitHub/tutorials/lightrun/tasks-service/src/main/java/com/baeldung/tasksservice/service/TasksService.java"}

2023-09-10T09:01:39.580635+09:00 end jvm-dependency-loader. time: 0.00011 seconds

2023-09-10T09:01:39.580702+09:00 begin jvm-dependency-loader args: {"fqcn":"com.baeldung.tasksservice.adapters.repository.TasksRepository","from":"/Users/seito/git/GitHub/tutorials/lightrun/tasks-service/src/main/java/com/baeldung/tasksservice/service/TasksService.java"}

2023-09-10T09:01:39.580800+09:00 end jvm-dependency-loader. time: 0.00008 seconds

2023-09-10T09:01:39.580899+09:00 begin jvm-dependency-loader args: {"fqcn":"java.util.UUID","from":"/Users/seito/git/GitHub/tutorials/lightrun/tasks-service/src/main/java/com/baeldung/tasksservice/service/TasksService.java"}

2023-09-10T09:01:39.581053+09:00 end jvm-dependency-loader. time: 0.00014 seconds

2023-09-10T09:01:39.593629+09:00 begin jvm-dependency-loader args: {"fqcn":"java.util.UUID","from":"/Users/seito/git/GitHub/tutorials/lightrun/tasks-service/src/main/java/com/baeldung/tasksservice/service/TasksService.java"}

2023-09-10T09:01:39.593884+09:00 end jvm-dependency-loader. time: 0.00020 seconds

2023-09-10T09:01:39.609884+09:00 begin jvm-dependency-loader args: {"fqcn":"com.baeldung.usersservice.service.UsersService","from":"/Users/seito/git/GitHub/tutorials/lightrun/users-service/src/main/java/com/baeldung/usersservice/adapters/http/UsersController.java"}

2023-09-10T09:01:39.610188+09:00 end jvm-dependency-loader. time: 0.00026 seconds

2023-09-10T09:01:39.617729+09:00 begin jvm-dependency-loader args: {"fqcn":"com.baeldung.usersservice.service.UsersService","from":"/Users/seito/git/GitHub/tutorials/lightrun/users-service/src/main/java/com/baeldung/usersservice/adapters/http/UsersController.java"}

2023-09-10T09:01:39.617913+09:00 end jvm-dependency-loader. time: 0.00016 seconds

2023-09-10T09:01:39.625475+09:00 begin jvm-dependency-loader args: {"fqcn":"com.baeldung.usersservice.service.UsersService","from":"/Users/seito/git/GitHub/tutorials/lightrun/users-service/src/main/java/com/baeldung/usersservice/adapters/http/UsersController.java"}

2023-09-10T09:01:39.625658+09:00 end jvm-dependency-loader. time: 0.00015 seconds

2023-09-10T09:01:39.633542+09:00 begin jvm-dependency-loader args: {"fqcn":"com.baeldung.usersservice.adapters.repository.UsersRepository","from":"/Users/seito/git/GitHub/tutorials/lightrun/users-service/src/main/java/com/baeldung/usersservice/service/UsersService.java"}

2023-09-10T09:01:39.633722+09:00 end jvm-dependency-loader. time: 0.00015 seconds

2023-09-10T09:01:39.633796+09:00 begin jvm-dependency-loader args: {"fqcn":"com.baeldung.usersservice.adapters.repository.UsersRepository","from":"/Users/seito/git/GitHub/tutorials/lightrun/users-service/src/main/java/com/baeldung/usersservice/service/UsersService.java"}

2023-09-10T09:01:39.633902+09:00 end jvm-dependency-loader. time: 0.00009 seconds

2023-09-10T09:01:39.634003+09:00 begin jvm-dependency-loader args: {"fqcn":"com.baeldung.usersservice.adapters.repository.UsersRepository","from":"/Users/seito/git/GitHub/tutorials/lightrun/users-service/src/main/java/com/baeldung/usersservice/service/UsersService.java"}

2023-09-10T09:01:39.634121+09:00 end jvm-dependency-loader. time: 0.00010 seconds

2023-09-10T09:01:39.634173+09:00 begin jvm-dependency-loader args: {"fqcn":"NIL","from":"/Users/seito/git/GitHub/tutorials/lightrun/users-service/src/main/java/com/baeldung/usersservice/service/UsersService.java"}

2023-09-10T09:01:39.634289+09:00 end jvm-dependency-loader. time: 0.00010 seconds

2023-09-10T09:01:39.634368+09:00 begin jvm-dependency-loader args: {"fqcn":"com.baeldung.usersservice.adapters.repository.UsersRepository","from":"/Users/seito/git/GitHub/tutorials/lightrun/users-service/src/main/java/com/baeldung/usersservice/service/UsersService.java"}

2023-09-10T09:01:39.634584+09:00 end jvm-dependency-loader. time: 0.00020 seconds

2023-09-10T09:01:39.634676+09:00 begin jvm-dependency-loader args: {"fqcn":"java.util.UUID","from":"/Users/seito/git/GitHub/tutorials/lightrun/users-service/src/main/java/com/baeldung/usersservice/service/UsersService.java"}

2023-09-10T09:01:39.634828+09:00 end jvm-dependency-loader. time: 0.00014 seconds

2023-09-10T09:01:39.638747+09:00 begin jvm-dependency-loader args: {"fqcn":"java.util.UUID","from":"/Users/seito/git/GitHub/tutorials/lightrun/users-service/src/main/java/com/baeldung/usersservice/service/UsersService.java"}

2023-09-10T09:01:39.638882+09:00 end jvm-dependency-loader. time: 0.00011 seconds

2023-09-10T09:01:39.639532+09:00 begin spring-property-loader args: /Users/seito/git/GitHub/tutorials/lightrun/api-service/src/main/java/com/baeldung/apiservice/adapters/http/TasksController.java

2023-09-10T09:01:39.639776+09:00 end spring-property-loader. time: 0.00022 seconds

2023-09-10T09:01:39.640311+09:00 begin spring-property-loader args: /Users/seito/git/GitHub/tutorials/lightrun/api-service/src/main/java/com/baeldung/apiservice/adapters/http/TasksController.java

2023-09-10T09:01:39.640447+09:00 end spring-property-loader. time: 0.00012 seconds

2023-09-10T09:01:39.641336+09:00 begin jvm-dependency-loader args: {"fqcn":"java.util.UUID","from":"/Users/seito/git/GitHub/tutorials/lightrun/api-service/src/main/java/com/baeldung/apiservice/RequestIdGenerator.java"}

2023-09-10T09:01:39.641488+09:00 end jvm-dependency-loader. time: 0.00013 seconds

2023-09-10T09:01:39.657878+09:00 begin jvm-dependency-loader args: {"fqcn":"org.springframework.boot.web.client.RestTemplateBuilder","from":"/Users/seito/git/GitHub/tutorials/lightrun/api-service/src/main/java/com/baeldung/apiservice/RestTemplateConfig.java"}

2023-09-10T09:01:39.658295+09:00 end jvm-dependency-loader. time: 0.00036 seconds

2023-09-10T09:01:39.658449+09:00 begin jvm-dependency-loader args: {"fqcn":"","from":"/Users/seito/git/GitHub/tutorials/lightrun/api-service/src/main/java/com/baeldung/apiservice/RestTemplateConfig.java"}

2023-09-10T09:01:39.658609+09:00 end jvm-dependency-loader. time: 0.00014 seconds

2023-09-10T09:01:39.672910+09:00 begin jvm-dependency-loader args: {"fqcn":"com.baeldung.apiservice.adapters.users.UserRepository","from":"/Users/seito/git/GitHub/tutorials/lightrun/api-service/src/main/java/com/baeldung/apiservice/adapters/http/TasksController.java"}

2023-09-10T09:01:39.673158+09:00 end jvm-dependency-loader. time: 0.00020 seconds

2023-09-10T09:01:39.677086+09:00 begin jvm-dependency-loader args: {"fqcn":"com.baeldung.apiservice.adapters.users.UserRepository","from":"/Users/seito/git/GitHub/tutorials/lightrun/api-service/src/main/java/com/baeldung/apiservice/adapters/http/TasksController.java"}

2023-09-10T09:01:39.677274+09:00 end jvm-dependency-loader. time: 0.00016 seconds

2023-09-10T09:01:39.683610+09:00 begin jvm-dependency-loader args: {"fqcn":"com.baeldung.apiservice.adapters.users.UserRepository","from":"/Users/seito/git/GitHub/tutorials/lightrun/api-service/src/main/java/com/baeldung/apiservice/adapters/http/TasksController.java"}

2023-09-10T09:01:39.683776+09:00 end jvm-dependency-loader. time: 0.00014 seconds

2023-09-10T09:01:39.683859+09:00 begin jvm-dependency-loader args: {"fqcn":"com.baeldung.apiservice.adapters.users.UserRepository","from":"/Users/seito/git/GitHub/tutorials/lightrun/api-service/src/main/java/com/baeldung/apiservice/adapters/http/TasksController.java"}

2023-09-10T09:01:39.683991+09:00 end jvm-dependency-loader. time: 0.00011 seconds

2023-09-10T09:01:39.684427+09:00 begin jvm-dependency-loader args: {"fqcn":"org.springframework.web.util.UriComponentsBuilder","from":"/Users/seito/git/GitHub/tutorials/lightrun/api-service/src/main/java/com/baeldung/apiservice/adapters/tasks/TaskRepository.java"}

2023-09-10T09:01:39.684755+09:00 end jvm-dependency-loader. time: 0.00031 seconds

2023-09-10T09:01:39.684917+09:00 begin jvm-dependency-loader args: {"fqcn":"org.springframework.web.util.UriComponentsBuilder","from":"/Users/seito/git/GitHub/tutorials/lightrun/api-service/src/main/java/com/baeldung/apiservice/adapters/tasks/TaskRepository.java"}

2023-09-10T09:01:39.685209+09:00 end jvm-dependency-loader. time: 0.00027 seconds

2023-09-10T09:01:39.685349+09:00 begin jvm-dependency-loader args: {"fqcn":"org.springframework.web.util.UriComponentsBuilder","from":"/Users/seito/git/GitHub/tutorials/lightrun/api-service/src/main/java/com/baeldung/apiservice/adapters/tasks/TaskRepository.java"}

2023-09-10T09:01:39.685620+09:00 end jvm-dependency-loader. time: 0.00025 seconds

2023-09-10T09:01:39.685790+09:00 begin jvm-dependency-loader args: {"fqcn":"org.springframework.web.util.UriComponentsBuilder","from":"/Users/seito/git/GitHub/tutorials/lightrun/api-service/src/main/java/com/baeldung/apiservice/adapters/tasks/TaskRepository.java"}

2023-09-10T09:01:39.686073+09:00 end jvm-dependency-loader. time: 0.00027 seconds

2023-09-10T09:01:39.686218+09:00 begin jvm-dependency-loader args: {"fqcn":"org.springframework.web.util.UriComponentsBuilder","from":"/Users/seito/git/GitHub/tutorials/lightrun/api-service/src/main/java/com/baeldung/apiservice/adapters/tasks/TaskRepository.java"}

2023-09-10T09:01:39.686489+09:00 end jvm-dependency-loader. time: 0.00026 seconds

2023-09-10T09:01:39.686676+09:00 begin jvm-dependency-loader args: {"fqcn":"org.springframework.web.util.UriComponentsBuilder","from":"/Users/seito/git/GitHub/tutorials/lightrun/api-service/src/main/java/com/baeldung/apiservice/adapters/tasks/TaskRepository.java"}

2023-09-10T09:01:39.686941+09:00 end jvm-dependency-loader. time: 0.00025 seconds

2023-09-10T09:01:39.687089+09:00 begin jvm-dependency-loader args: {"fqcn":"org.springframework.web.util.UriComponentsBuilder","from":"/Users/seito/git/GitHub/tutorials/lightrun/api-service/src/main/java/com/baeldung/apiservice/adapters/tasks/TaskRepository.java"}

2023-09-10T09:01:39.687346+09:00 end jvm-dependency-loader. time: 0.00024 seconds

2023-09-10T09:01:39.687483+09:00 begin jvm-dependency-loader args: {"fqcn":"org.springframework.web.util.UriComponentsBuilder","from":"/Users/seito/git/GitHub/tutorials/lightrun/api-service/src/main/java/com/baeldung/apiservice/adapters/tasks/TaskRepository.java"}

2023-09-10T09:01:39.687754+09:00 end jvm-dependency-loader. time: 0.00026 seconds

2023-09-10T09:01:39.687893+09:00 begin jvm-dependency-loader args: {"fqcn":"org.springframework.web.util.UriComponents","from":"/Users/seito/git/GitHub/tutorials/lightrun/api-service/src/main/java/com/baeldung/apiservice/adapters/tasks/TaskRepository.java"}

2023-09-10T09:01:39.688035+09:00 end jvm-dependency-loader. time: 0.00013 seconds

2023-09-10T09:01:39.688140+09:00 begin jvm-dependency-loader args: {"fqcn":"org.springframework.web.util.UriComponentsBuilder","from":"/Users/seito/git/GitHub/tutorials/lightrun/api-service/src/main/java/com/baeldung/apiservice/adapters/tasks/TaskRepository.java"}

2023-09-10T09:01:39.688448+09:00 end jvm-dependency-loader. time: 0.00029 seconds

2023-09-10T09:01:39.688904+09:00 begin jvm-dependency-loader args: {"fqcn":"org.springframework.web.util.UriComponentsBuilder","from":"/Users/seito/git/GitHub/tutorials/lightrun/api-service/src/main/java/com/baeldung/apiservice/adapters/users/UserRepository.java"}

2023-09-10T09:01:39.689196+09:00 end jvm-dependency-loader. time: 0.00027 seconds

2023-09-10T09:01:39.689343+09:00 begin jvm-dependency-loader args: {"fqcn":"org.springframework.web.util.UriComponentsBuilder","from":"/Users/seito/git/GitHub/tutorials/lightrun/api-service/src/main/java/com/baeldung/apiservice/adapters/users/UserRepository.java"}

2023-09-10T09:01:39.689633+09:00 end jvm-dependency-loader. time: 0.00027 seconds

2023-09-10T09:01:39.689781+09:00 begin jvm-dependency-loader args: {"fqcn":"org.springframework.web.util.UriComponentsBuilder","from":"/Users/seito/git/GitHub/tutorials/lightrun/api-service/src/main/java/com/baeldung/apiservice/adapters/users/UserRepository.java"}

2023-09-10T09:01:39.690080+09:00 end jvm-dependency-loader. time: 0.00028 seconds

2023-09-10T09:01:39.690248+09:00 begin jvm-dependency-loader args: {"fqcn":"org.springframework.web.util.UriComponentsBuilder","from":"/Users/seito/git/GitHub/tutorials/lightrun/api-service/src/main/java/com/baeldung/apiservice/adapters/users/UserRepository.java"}

2023-09-10T09:01:39.690533+09:00 end jvm-dependency-loader. time: 0.00027 seconds

2023-09-10T09:01:39.690678+09:00 begin jvm-dependency-loader args: {"fqcn":"org.springframework.web.util.UriComponentsBuilder","from":"/Users/seito/git/GitHub/tutorials/lightrun/api-service/src/main/java/com/baeldung/apiservice/adapters/users/UserRepository.java"}

2023-09-10T09:01:39.690968+09:00 end jvm-dependency-loader. time: 0.00027 seconds

2023-09-10T09:01:39.691156+09:00 begin jvm-dependency-loader args: {"fqcn":"org.springframework.web.util.UriComponentsBuilder","from":"/Users/seito/git/GitHub/tutorials/lightrun/api-service/src/main/java/com/baeldung/apiservice/adapters/users/UserRepository.java"}

2023-09-10T09:01:39.691419+09:00 end jvm-dependency-loader. time: 0.00025 seconds

2023-09-10T09:01:39.691562+09:00 begin jvm-dependency-loader args: {"fqcn":"org.springframework.web.util.UriComponentsBuilder","from":"/Users/seito/git/GitHub/tutorials/lightrun/api-service/src/main/java/com/baeldung/apiservice/adapters/users/UserRepository.java"}

2023-09-10T09:01:39.691847+09:00 end jvm-dependency-loader. time: 0.00027 seconds

2023-09-10T09:01:39.691985+09:00 begin jvm-dependency-loader args: {"fqcn":"org.springframework.web.util.UriComponentsBuilder","from":"/Users/seito/git/GitHub/tutorials/lightrun/api-service/src/main/java/com/baeldung/apiservice/adapters/users/UserRepository.java"}

2023-09-10T09:01:39.692259+09:00 end jvm-dependency-loader. time: 0.00026 seconds

2023-09-10T09:01:39.692396+09:00 begin jvm-dependency-loader args: {"fqcn":"org.springframework.web.util.UriComponents","from":"/Users/seito/git/GitHub/tutorials/lightrun/api-service/src/main/java/com/baeldung/apiservice/adapters/users/UserRepository.java"}

2023-09-10T09:01:39.692537+09:00 end jvm-dependency-loader. time: 0.00012 seconds

2023-09-10T09:01:39.692642+09:00 begin jvm-dependency-loader args: {"fqcn":"org.springframework.web.util.UriComponentsBuilder","from":"/Users/seito/git/GitHub/tutorials/lightrun/api-service/src/main/java/com/baeldung/apiservice/adapters/users/UserRepository.java"}

2023-09-10T09:01:39.692913+09:00 end jvm-dependency-loader. time: 0.00026 seconds

2023-09-10T09:01:39.713010+09:00 begin jvm-dependency-loader args: {"fqcn":"com.baeldung.tasksservice.service.TasksService","from":"/Users/seito/git/GitHub/tutorials/lightrun/tasks-service/src/main/java/com/baeldung/tasksservice/adapters/http/TasksController.java"}

2023-09-10T09:01:39.713396+09:00 end jvm-dependency-loader. time: 0.00033 seconds

2023-09-10T09:01:39.713549+09:00 begin jvm-dependency-loader args: {"fqcn":"com.baeldung.tasksservice.service.TasksService","from":"/Users/seito/git/GitHub/tutorials/lightrun/tasks-service/src/main/java/com/baeldung/tasksservice/adapters/http/TasksController.java"}

2023-09-10T09:01:39.713725+09:00 end jvm-dependency-loader. time: 0.00016 seconds

2023-09-10T09:01:39.713794+09:00 begin jvm-dependency-loader args: {"fqcn":"","from":"/Users/seito/git/GitHub/tutorials/lightrun/tasks-service/src/main/java/com/baeldung/tasksservice/adapters/http/TasksController.java"}

2023-09-10T09:01:39.713901+09:00 end jvm-dependency-loader. time: 0.00009 seconds

2023-09-10T09:01:39.713943+09:00 begin jvm-dependency-loader args: {"fqcn":"NIL","from":"/Users/seito/git/GitHub/tutorials/lightrun/tasks-service/src/main/java/com/baeldung/tasksservice/adapters/http/TasksController.java"}

2023-09-10T09:01:39.714057+09:00 end jvm-dependency-loader. time: 0.00010 seconds

2023-09-10T09:01:39.718094+09:00 begin jvm-dependency-loader args: {"fqcn":"com.baeldung.tasksservice.service.TasksService","from":"/Users/seito/git/GitHub/tutorials/lightrun/tasks-service/src/main/java/com/baeldung/tasksservice/adapters/http/TasksController.java"}

2023-09-10T09:01:39.718235+09:00 end jvm-dependency-loader. time: 0.00012 seconds

2023-09-10T09:01:39.738267+09:00 begin jvm-dependency-loader args: {"fqcn":"com.baeldung.tasksservice.service.TasksService","from":"/Users/seito/git/GitHub/tutorials/lightrun/tasks-service/src/main/java/com/baeldung/tasksservice/adapters/http/TasksController.java"}

2023-09-10T09:01:39.738571+09:00 end jvm-dependency-loader. time: 0.00023 seconds

2023-09-10T09:01:39.753667+09:00 begin jvm-dependency-loader args: {"fqcn":"com.baeldung.tasksservice.service.TasksService","from":"/Users/seito/git/GitHub/tutorials/lightrun/tasks-service/src/main/java/com/baeldung/tasksservice/adapters/http/TasksController.java"}

2023-09-10T09:01:39.753890+09:00 end jvm-dependency-loader. time: 0.00018 seconds

2023-09-10T09:01:39.753953+09:00 begin jvm-dependency-loader args: {"fqcn":"","from":"/Users/seito/git/GitHub/tutorials/lightrun/tasks-service/src/main/java/com/baeldung/tasksservice/adapters/http/TasksController.java"}

2023-09-10T09:01:39.754053+09:00 end jvm-dependency-loader. time: 0.00008 seconds

2023-09-10T09:01:39.754130+09:00 begin jvm-dependency-loader args: {"fqcn":"com.baeldung.tasksservice.service.TasksService","from":"/Users/seito/git/GitHub/tutorials/lightrun/tasks-service/src/main/java/com/baeldung/tasksservice/adapters/http/TasksController.java"}

2023-09-10T09:01:39.754226+09:00 end jvm-dependency-loader. time: 0.00008 seconds

2023-09-10T09:01:39.754962+09:00 begin jvm-dependency-loader args: {"fqcn":"com.baeldung.tasksservice.adapters.repository.TasksRepository","from":"/Users/seito/git/GitHub/tutorials/lightrun/tasks-service/src/main/java/com/baeldung/tasksservice/service/DeletedUserService.java"}

2023-09-10T09:01:39.755097+09:00 end jvm-dependency-loader. time: 0.00012 seconds

2023-09-10T09:01:39.755526+09:00 begin jvm-dependency-loader args: {"fqcn":"com.baeldung.tasksservice.adapters.repository.TasksRepository","from":"/Users/seito/git/GitHub/tutorials/lightrun/tasks-service/src/main/java/com/baeldung/tasksservice/service/TasksService.java"}

2023-09-10T09:01:39.755615+09:00 end jvm-dependency-loader. time: 0.00007 seconds

2023-09-10T09:01:39.755685+09:00 begin jvm-dependency-loader args: {"fqcn":"com.baeldung.tasksservice.adapters.repository.TasksRepository","from":"/Users/seito/git/GitHub/tutorials/lightrun/tasks-service/src/main/java/com/baeldung/tasksservice/service/TasksService.java"}

2023-09-10T09:01:39.755768+09:00 end jvm-dependency-loader. time: 0.00007 seconds

2023-09-10T09:01:39.755853+09:00 begin jvm-dependency-loader args: {"fqcn":"com.baeldung.tasksservice.adapters.repository.TasksRepository","from":"/Users/seito/git/GitHub/tutorials/lightrun/tasks-service/src/main/java/com/baeldung/tasksservice/service/TasksService.java"}

2023-09-10T09:01:39.755950+09:00 end jvm-dependency-loader. time: 0.00008 seconds

2023-09-10T09:01:39.756000+09:00 begin jvm-dependency-loader args: {"fqcn":"NIL","from":"/Users/seito/git/GitHub/tutorials/lightrun/tasks-service/src/main/java/com/baeldung/tasksservice/service/TasksService.java"}

2023-09-10T09:01:39.756084+09:00 end jvm-dependency-loader. time: 0.00007 seconds

2023-09-10T09:01:39.756148+09:00 begin jvm-dependency-loader args: {"fqcn":"com.baeldung.tasksservice.adapters.repository.TasksRepository","from":"/Users/seito/git/GitHub/tutorials/lightrun/tasks-service/src/main/java/com/baeldung/tasksservice/service/TasksService.java"}

2023-09-10T09:01:39.756232+09:00 end jvm-dependency-loader. time: 0.00007 seconds

2023-09-10T09:01:39.756326+09:00 begin jvm-dependency-loader args: {"fqcn":"java.util.UUID","from":"/Users/seito/git/GitHub/tutorials/lightrun/tasks-service/src/main/java/com/baeldung/tasksservice/service/TasksService.java"}

2023-09-10T09:01:39.756447+09:00 end jvm-dependency-loader. time: 0.00011 seconds

2023-09-10T09:01:39.764142+09:00 begin jvm-dependency-loader args: {"fqcn":"java.util.UUID","from":"/Users/seito/git/GitHub/tutorials/lightrun/tasks-service/src/main/java/com/baeldung/tasksservice/service/TasksService.java"}

2023-09-10T09:01:39.764316+09:00 end jvm-dependency-loader. time: 0.00015 seconds

2023-09-10T09:01:39.780239+09:00 begin jvm-dependency-loader args: {"fqcn":"com.baeldung.usersservice.service.UsersService","from":"/Users/seito/git/GitHub/tutorials/lightrun/users-service/src/main/java/com/baeldung/usersservice/adapters/http/UsersController.java"}

2023-09-10T09:01:39.780491+09:00 end jvm-dependency-loader. time: 0.00022 seconds

2023-09-10T09:01:39.792963+09:00 begin jvm-dependency-loader args: {"fqcn":"com.baeldung.usersservice.service.UsersService","from":"/Users/seito/git/GitHub/tutorials/lightrun/users-service/src/main/java/com/baeldung/usersservice/adapters/http/UsersController.java"}

2023-09-10T09:01:39.793236+09:00 end jvm-dependency-loader. time: 0.00021 seconds

2023-09-10T09:01:39.800863+09:00 begin jvm-dependency-loader args: {"fqcn":"com.baeldung.usersservice.service.UsersService","from":"/Users/seito/git/GitHub/tutorials/lightrun/users-service/src/main/java/com/baeldung/usersservice/adapters/http/UsersController.java"}

2023-09-10T09:01:39.801064+09:00 end jvm-dependency-loader. time: 0.00017 seconds

2023-09-10T09:01:39.809002+09:00 begin jvm-dependency-loader args: {"fqcn":"com.baeldung.usersservice.adapters.repository.UsersRepository","from":"/Users/seito/git/GitHub/tutorials/lightrun/users-service/src/main/java/com/baeldung/usersservice/service/UsersService.java"}

2023-09-10T09:01:39.809190+09:00 end jvm-dependency-loader. time: 0.00016 seconds

2023-09-10T09:01:39.809267+09:00 begin jvm-dependency-loader args: {"fqcn":"com.baeldung.usersservice.adapters.repository.UsersRepository","from":"/Users/seito/git/GitHub/tutorials/lightrun/users-service/src/main/java/com/baeldung/usersservice/service/UsersService.java"}

2023-09-10T09:01:39.809397+09:00 end jvm-dependency-loader. time: 0.00011 seconds

2023-09-10T09:01:39.809503+09:00 begin jvm-dependency-loader args: {"fqcn":"com.baeldung.usersservice.adapters.repository.UsersRepository","from":"/Users/seito/git/GitHub/tutorials/lightrun/users-service/src/main/java/com/baeldung/usersservice/service/UsersService.java"}

2023-09-10T09:01:39.809623+09:00 end jvm-dependency-loader. time: 0.00010 seconds

2023-09-10T09:01:39.809682+09:00 begin jvm-dependency-loader args: {"fqcn":"NIL","from":"/Users/seito/git/GitHub/tutorials/lightrun/users-service/src/main/java/com/baeldung/usersservice/service/UsersService.java"}

2023-09-10T09:01:39.809779+09:00 end jvm-dependency-loader. time: 0.00008 seconds

2023-09-10T09:01:39.809862+09:00 begin jvm-dependency-loader args: {"fqcn":"com.baeldung.usersservice.adapters.repository.UsersRepository","from":"/Users/seito/git/GitHub/tutorials/lightrun/users-service/src/main/java/com/baeldung/usersservice/service/UsersService.java"}

2023-09-10T09:01:39.809959+09:00 end jvm-dependency-loader. time: 0.00008 seconds

2023-09-10T09:01:39.810044+09:00 begin jvm-dependency-loader args: {"fqcn":"java.util.UUID","from":"/Users/seito/git/GitHub/tutorials/lightrun/users-service/src/main/java/com/baeldung/usersservice/service/UsersService.java"}

2023-09-10T09:01:39.810190+09:00 end jvm-dependency-loader. time: 0.00013 seconds

2023-09-10T09:01:39.814221+09:00 begin jvm-dependency-loader args: {"fqcn":"java.util.UUID","from":"/Users/seito/git/GitHub/tutorials/lightrun/users-service/src/main/java/com/baeldung/usersservice/service/UsersService.java"}

2023-09-10T09:01:39.814402+09:00 end jvm-dependency-loader. time: 0.00015 seconds

2023-09-10T09:01:39.815134+09:00 begin spring-property-loader args: /Users/seito/git/GitHub/tutorials/lightrun/api-service/src/main/java/com/baeldung/apiservice/adapters/http/TasksController.java

2023-09-10T09:01:39.815519+09:00 end spring-property-loader. time: 0.00036 seconds

2023-09-10T09:01:39.815807+09:00 cache size: 7/100
2023-09-10T09:01:39.815825+09:00 measuring time:
  find-definitions: [times: 7, avg-sec: 0.003501]
  find-references: [times: 5, avg-sec: 0.5521364, cache-hit: 2]

[{"origin":{"path":"lightrun/users-service/src/main/java/com/baeldung/usersservice/adapters/http/UsersController.java","name":"getUser","line":38,"offset":25},"entorypoint":{"path":"lightrun/api-service/src/main/java/com/baeldung/apiservice/adapters/http/TasksController.java","name":"getTaskById","line":25,"offset":25}}]
